#
# A fatal error has been detected by the Java Runtime Environment:
#
#  SIGSEGV (0xb) at pc=0x00007f5d689f1410, pid=4907, tid=0x00007f5d69b16700
#
# JRE version:  (8.0_112-b06) (build )
# Java VM: OpenJDK 64-Bit Server VM (25.112-b06 mixed mode linux-amd64 compressed oops)
# Problematic frame:
# V  [libjvm.so+0x9e1410]  VirtualSpace::expand_by(unsigned long, bool)+0xb0
#
# Failed to write core dump. Core dumps have been disabled. To enable core dumping, try "ulimit -c unlimited" before starting Java again
#
# If you would like to submit a bug report, please visit:
#   http://bugreport.java.com/bugreport/crash.jsp
#

---------------  T H R E A D  ---------------

Current thread (0x00007f5d60009800):  JavaThread "Unknown thread" [_thread_in_vm, id=4911, stack(0x00007f5d69a16000,0x00007f5d69b17000)]

siginfo: si_signo: 11 (SIGSEGV), si_code: 2 (SEGV_ACCERR), si_addr: 0x00007f5d51000000

Registers:
RAX=0x00007f5d51270000, RBX=0x0000000001b2af10, RCX=0x00007f5d51000000, RDX=0x00007f5d51270000
RSP=0x00007f5d69b15ae0, RBP=0x00007f5d69b15b30, RSI=0xfffffffffffff000, RDI=0x00007f5d51000000
R8 =0x0000000000000000, R9 =0x00007f5d51270000, R10=0x0000000000004022, R11=0x0000000000000246
R12=0x0000000000270000, R13=0x00007f5d51000000, R14=0x00007f5d51270000, R15=0x0000000000000000
RIP=0x00007f5d689f1410, EFLAGS=0x0000000000010246, CSGSFS=0x002b000000000033, ERR=0x0000000000000004
  TRAPNO=0x000000000000000e

Top of Stack: (sp=0x00007f5d69b15ae0)
0x00007f5d69b15ae0:   00007f5d69b15b30 00007f5d689f0cd5
0x00007f5d69b15af0:   00007f5d69b15b00 00007f5d68856bdd
0x00007f5d69b15b00:   00007f5d69b15b30 0000000001b2af10
0x00007f5d69b15b10:   0000000000270000 0000000000270000
0x00007f5d69b15b20:   0000000000001000 0000000000001000
0x00007f5d69b15b30:   00007f5d69b15c10 00007f5d685cc118
0x00007f5d69b15b40:   00007f5d51000000 000000000f000000
0x00007f5d69b15b50:   0000000000000000 0000000000001000
0x00007f5d69b15b60:   0000000000000100 0000000000000000
0x00007f5d69b15b70:   0000000000001000 000000000f000000
0x00007f5d69b15b80:   00007f5d51000000 000000000f000000
0x00007f5d69b15b90:   0000000000000000 0000000000001000
0x00007f5d69b15ba0:   00007f5d69b10100 0000000000003000
0x00007f5d69b15bb0:   00007f5d69b15c30 00007f5d6843fd0b
0x00007f5d69b15bc0:   00007f5d60009800 00007f5d69b15c10
0x00007f5d69b15bd0:   00007f5d60009800 00007f5d69b15c40
0x00007f5d69b15be0:   00007f5d69b15e50 00007f5d68ea41c0
0x00007f5d69b15bf0:   00007f5d69b15c40 00007f5d69b15e50
0x00007f5d69b15c00:   0000000000003000 00007f5d60009800
0x00007f5d69b15c10:   00007f5d69b15c30 00007f5d68455850
0x00007f5d69b15c20:   00007f5d69b15c40 00007f5d69b15d40
0x00007f5d69b15c30:   00007f5d69b15c90 00007f5d685edf0c
0x00007f5d69b15c40:   00007f5d60009800 00007f5d60008620
0x00007f5d69b15c50:   00007f5d6000a190 00007f5d6000a1a0
0x00007f5d69b15c60:   00007f5d6000a278 00000000000000d8
0x00007f5d69b15c70:   00007f5d6000a380 00007f5d69b15e50
0x00007f5d69b15c80:   00007f5d69b15d40 00007f5d69b15d10
0x00007f5d69b15c90:   00007f5d69b15e20 00007f5d689a3bd3
0x00007f5d69b15ca0:   0000000000000000 0000000000000000
0x00007f5d69b15cb0:   00007f5d69b1ae60 00007f5d69b15cf0
0x00007f5d69b15cc0:   0000000100000000 00007f5d69b15ce0
0x00007f5d69b15cd0:   00000000a8428197 00007f5d68f10090 

Instructions: (pc=0x00007f5d689f1410)
0x00007f5d689f13f0:   48 8b 7f 28 49 39 c6 49 0f 46 c6 45 31 c0 48 01
0x00007f5d689f1400:   f0 48 f7 d6 48 21 f0 48 a9 ce 48 29 fe 48 39 cf
0x00007f5d689f1410:   69 0f 43 f0 48 89 f1 48 ab 73 30 49 29 f1 48 39
0x00007f5d689f1420:   56 48 8b 53 38 48 89 c6 4d 0f 43 c8 48 29 d6 48 

Stack: [0x00007f5d69a16000,0x00007f5d69b17000],  sp=0x00007f5d69b15ae0,  free space=1022k
Native frames: (J=compiled Java code, j=interpreted, Vv=VM code, C=native code)
V  [libjvm.so+0x9e1410]  VirtualSpace::expand_by(unsigned long, bool)+0xb0
V  [libjvm.so+0x5bc118]  CodeHeap::reserve(unsigned long, unsigned long, unsigned long)+0x118
V  [libjvm.so+0x445850]  codeCache_init()+0x80
V  [libjvm.so+0x5ddf0c]  init_globals()+0x3c
V  [libjvm.so+0x993bd3]  Threads::create_vm(JavaVMInitArgs*, bool*)+0x2b3
V  [libjvm.so+0x64b5e2]  JNI_CreateJavaVM+0x52
C  [libjli.so+0x77c8]  JavaMain+0x88
C  [libpthread.so.0+0x76ba]  start_thread+0xca


---------------  P R O C E S S  ---------------

Java Threads: ( => current thread )

Other Threads:

=>0x00007f5d60009800 (exited) JavaThread "Unknown thread" [_thread_in_vm, id=4911, stack(0x00007f5d69a16000,0x00007f5d69b17000)]

VM state:not at safepoint (not fully initialized)

VM Mutex/Monitor currently owned by a thread: None

Deoptimization events (0 events):
No events

Internal exceptions (0 events):
No events

Events (0 events):
No events


Dynamic libraries:
00400000-00401000 r-xp 00000000 08:02 17697682                           /home/rahil/rahil/android-studio/jre/bin/java
00600000-00601000 r--p 00000000 08:02 17697682                           /home/rahil/rahil/android-studio/jre/bin/java
00601000-00602000 rw-p 00001000 08:02 17697682                           /home/rahil/rahil/android-studio/jre/bin/java
01b2a000-01b4b000 rw-p 00000000 00:00 0                                  [heap]
7f5d51000000-7f5d60000000 ---p 00000000 00:00 0 
7f5d60000000-7f5d60030000 rw-p 00000000 00:00 0 
7f5d60030000-7f5d64000000 ---p 00000000 00:00 0 
7f5d669ec000-7f5d66c62000 rw-p 00000000 00:00 0 
7f5d66c62000-7f5d66c7c000 r-xp 00000000 08:02 17826227                   /home/rahil/rahil/android-studio/jre/jre/lib/amd64/libzip.so
7f5d66c7c000-7f5d66e7c000 ---p 0001a000 08:02 17826227                   /home/rahil/rahil/android-studio/jre/jre/lib/amd64/libzip.so
7f5d66e7c000-7f5d66e7d000 r--p 0001a000 08:02 17826227                   /home/rahil/rahil/android-studio/jre/jre/lib/amd64/libzip.so
7f5d66e7d000-7f5d66e7e000 rw-p 0001b000 08:02 17826227                   /home/rahil/rahil/android-studio/jre/jre/lib/amd64/libzip.so
7f5d66e7e000-7f5d66e89000 r-xp 00000000 08:02 18354723                   /lib/x86_64-linux-gnu/libnss_files-2.23.so
7f5d66e89000-7f5d67088000 ---p 0000b000 08:02 18354723                   /lib/x86_64-linux-gnu/libnss_files-2.23.so
7f5d67088000-7f5d67089000 r--p 0000a000 08:02 18354723                   /lib/x86_64-linux-gnu/libnss_files-2.23.so
7f5d67089000-7f5d6708a000 rw-p 0000b000 08:02 18354723                   /lib/x86_64-linux-gnu/libnss_files-2.23.so
7f5d6708a000-7f5d67090000 rw-p 00000000 00:00 0 
7f5d67090000-7f5d6709b000 r-xp 00000000 08:02 18354733                   /lib/x86_64-linux-gnu/libnss_nis-2.23.so
7f5d6709b000-7f5d6729a000 ---p 0000b000 08:02 18354733                   /lib/x86_64-linux-gnu/libnss_nis-2.23.so
7f5d6729a000-7f5d6729b000 r--p 0000a000 08:02 18354733                   /lib/x86_64-linux-gnu/libnss_nis-2.23.so
7f5d6729b000-7f5d6729c000 rw-p 0000b000 08:02 18354733                   /lib/x86_64-linux-gnu/libnss_nis-2.23.so
7f5d6729c000-7f5d672b2000 r-xp 00000000 08:02 18354717                   /lib/x86_64-linux-gnu/libnsl-2.23.so
7f5d672b2000-7f5d674b1000 ---p 00016000 08:02 18354717                   /lib/x86_64-linux-gnu/libnsl-2.23.so
7f5d674b1000-7f5d674b2000 r--p 00015000 08:02 18354717                   /lib/x86_64-linux-gnu/libnsl-2.23.so
7f5d674b2000-7f5d674b3000 rw-p 00016000 08:02 18354717                   /lib/x86_64-linux-gnu/libnsl-2.23.so
7f5d674b3000-7f5d674b5000 rw-p 00000000 00:00 0 
7f5d674b5000-7f5d674bd000 r-xp 00000000 08:02 18354719                   /lib/x86_64-linux-gnu/libnss_compat-2.23.so
7f5d674bd000-7f5d676bc000 ---p 00008000 08:02 18354719                   /lib/x86_64-linux-gnu/libnss_compat-2.23.so
7f5d676bc000-7f5d676bd000 r--p 00007000 08:02 18354719                   /lib/x86_64-linux-gnu/libnss_compat-2.23.so
7f5d676bd000-7f5d676be000 rw-p 00008000 08:02 18354719                   /lib/x86_64-linux-gnu/libnss_compat-2.23.so
7f5d676be000-7f5d676eb000 r-xp 00000000 08:02 17826217                   /home/rahil/rahil/android-studio/jre/jre/lib/amd64/libjava.so
7f5d676eb000-7f5d678ea000 ---p 0002d000 08:02 17826217                   /home/rahil/rahil/android-studio/jre/jre/lib/amd64/libjava.so
7f5d678ea000-7f5d678eb000 r--p 0002c000 08:02 17826217                   /home/rahil/rahil/android-studio/jre/jre/lib/amd64/libjava.so
7f5d678eb000-7f5d678ed000 rw-p 0002d000 08:02 17826217                   /home/rahil/rahil/android-studio/jre/jre/lib/amd64/libjava.so
7f5d678ed000-7f5d678fd000 r-xp 00000000 08:02 17826201                   /home/rahil/rahil/android-studio/jre/jre/lib/amd64/libverify.so
7f5d678fd000-7f5d67afc000 ---p 00010000 08:02 17826201                   /home/rahil/rahil/android-studio/jre/jre/lib/amd64/libverify.so
7f5d67afc000-7f5d67afe000 r--p 0000f000 08:02 17826201                   /home/rahil/rahil/android-studio/jre/jre/lib/amd64/libverify.so
7f5d67afe000-7f5d67aff000 rw-p 00011000 08:02 17826201                   /home/rahil/rahil/android-studio/jre/jre/lib/amd64/libverify.so
7f5d67aff000-7f5d67b06000 r-xp 00000000 08:02 18354778                   /lib/x86_64-linux-gnu/librt-2.23.so
7f5d67b06000-7f5d67d05000 ---p 00007000 08:02 18354778                   /lib/x86_64-linux-gnu/librt-2.23.so
7f5d67d05000-7f5d67d06000 r--p 00006000 08:02 18354778                   /lib/x86_64-linux-gnu/librt-2.23.so
7f5d67d06000-7f5d67d07000 rw-p 00007000 08:02 18354778                   /lib/x86_64-linux-gnu/librt-2.23.so
7f5d67d07000-7f5d67e0f000 r-xp 00000000 08:02 18354694                   /lib/x86_64-linux-gnu/libm-2.23.so
7f5d67e0f000-7f5d6800e000 ---p 00108000 08:02 18354694                   /lib/x86_64-linux-gnu/libm-2.23.so
7f5d6800e000-7f5d6800f000 r--p 00107000 08:02 18354694                   /lib/x86_64-linux-gnu/libm-2.23.so
7f5d6800f000-7f5d68010000 rw-p 00108000 08:02 18354694                   /lib/x86_64-linux-gnu/libm-2.23.so
7f5d68010000-7f5d68c01000 r-xp 00000000 08:02 17826564                   /home/rahil/rahil/android-studio/jre/jre/lib/amd64/server/libjvm.so
7f5d68c01000-7f5d68e01000 ---p 00bf1000 08:02 17826564                   /home/rahil/rahil/android-studio/jre/jre/lib/amd64/server/libjvm.so
7f5d68e01000-7f5d68ea0000 r--p 00bf1000 08:02 17826564                   /home/rahil/rahil/android-studio/jre/jre/lib/amd64/server/libjvm.so
7f5d68ea0000-7f5d68ec9000 rw-p 00c90000 08:02 17826564                   /home/rahil/rahil/android-studio/jre/jre/lib/amd64/server/libjvm.so
7f5d68ec9000-7f5d68f0d000 rw-p 00000000 00:00 0 
7f5d68f0d000-7f5d68f25000 r-xp 00000000 08:02 18354770                   /lib/x86_64-linux-gnu/libpthread-2.23.so
7f5d68f25000-7f5d69124000 ---p 00018000 08:02 18354770                   /lib/x86_64-linux-gnu/libpthread-2.23.so
7f5d69124000-7f5d69125000 r--p 00017000 08:02 18354770                   /lib/x86_64-linux-gnu/libpthread-2.23.so
7f5d69125000-7f5d69126000 rw-p 00018000 08:02 18354770                   /lib/x86_64-linux-gnu/libpthread-2.23.so
7f5d69126000-7f5d6912a000 rw-p 00000000 00:00 0 
7f5d6912a000-7f5d6912d000 r-xp 00000000 08:02 18354648                   /lib/x86_64-linux-gnu/libdl-2.23.so
7f5d6912d000-7f5d6932c000 ---p 00003000 08:02 18354648                   /lib/x86_64-linux-gnu/libdl-2.23.so
7f5d6932c000-7f5d6932d000 r--p 00002000 08:02 18354648                   /lib/x86_64-linux-gnu/libdl-2.23.so
7f5d6932d000-7f5d6932e000 rw-p 00003000 08:02 18354648                   /lib/x86_64-linux-gnu/libdl-2.23.so
7f5d6932e000-7f5d694ee000 r-xp 00000000 08:02 18354624                   /lib/x86_64-linux-gnu/libc-2.23.so
7f5d694ee000-7f5d696ee000 ---p 001c0000 08:02 18354624                   /lib/x86_64-linux-gnu/libc-2.23.so
7f5d696ee000-7f5d696f2000 r--p 001c0000 08:02 18354624                   /lib/x86_64-linux-gnu/libc-2.23.so
7f5d696f2000-7f5d696f4000 rw-p 001c4000 08:02 18354624                   /lib/x86_64-linux-gnu/libc-2.23.so
7f5d696f4000-7f5d696f8000 rw-p 00000000 00:00 0 
7f5d696f8000-7f5d6970e000 r-xp 00000000 08:02 17826266                   /home/rahil/rahil/android-studio/jre/lib/amd64/jli/libjli.so
7f5d6970e000-7f5d6990d000 ---p 00016000 08:02 17826266                   /home/rahil/rahil/android-studio/jre/lib/amd64/jli/libjli.so
7f5d6990d000-7f5d6990e000 r--p 00015000 08:02 17826266                   /home/rahil/rahil/android-studio/jre/lib/amd64/jli/libjli.so
7f5d6990e000-7f5d6990f000 rw-p 00016000 08:02 17826266                   /home/rahil/rahil/android-studio/jre/lib/amd64/jli/libjli.so
7f5d6990f000-7f5d69935000 r-xp 00000000 08:02 18354596                   /lib/x86_64-linux-gnu/ld-2.23.so
7f5d69a16000-7f5d69a19000 ---p 00000000 00:00 0 
7f5d69a19000-7f5d69b1b000 rw-p 00000000 00:00 0 
7f5d69b28000-7f5d69b30000 rw-s 00000000 08:02 11404477                   /tmp/hsperfdata_rahil/4907
7f5d69b30000-7f5d69b31000 rw-p 00000000 00:00 0 
7f5d69b31000-7f5d69b32000 r--p 00000000 00:00 0 
7f5d69b32000-7f5d69b34000 rw-p 00000000 00:00 0 
7f5d69b34000-7f5d69b35000 r--p 00025000 08:02 18354596                   /lib/x86_64-linux-gnu/ld-2.23.so
7f5d69b35000-7f5d69b36000 rw-p 00026000 08:02 18354596                   /lib/x86_64-linux-gnu/ld-2.23.so
7f5d69b36000-7f5d69b37000 rw-p 00000000 00:00 0 
7ffeb95e1000-7ffeb9602000 rw-p 00000000 00:00 0                          [stack]
7ffeb966b000-7ffeb966d000 r--p 00000000 00:00 0                          [vvar]
7ffeb966d000-7ffeb966f000 r-xp 00000000 00:00 0                          [vdso]
ffffffffff600000-ffffffffff601000 r-xp 00000000 00:00 0                  [vsyscall]

VM Arguments:
java_command: <unknown>
java_class_path (initial): .
Launcher Type: SUN_STANDARD

Environment Variables:
JAVA_HOME=/usr/lib/jvm/java-8-oracle
PATH=/home/rahil/bin:/home/rahil/.local/bin:/usr/local/sbin:/usr/local/bin:/usr/sbin:/usr/bin:/sbin:/bin:/usr/games:/usr/local/games:/snap/bin:/usr/lib/jvm/java-8-oracle/bin:/usr/lib/jvm/java-8-oracle/db/bin:/usr/lib/jvm/java-8-oracle/jre/bin
LD_LIBRARY_PATH=.:
SHELL=/bin/bash
DISPLAY=:0

Signal Handlers:
SIGSEGV: [libjvm.so+0x9e5150], sa_mask[0]=11111111011111111101111111111110, sa_flags=SA_RESTART|SA_SIGINFO
SIGBUS: [libjvm.so+0x9e5150], sa_mask[0]=11111111011111111101111111111110, sa_flags=SA_RESTART|SA_SIGINFO
SIGFPE: [libjvm.so+0x848450], sa_mask[0]=11111111011111111101111111111110, sa_flags=SA_RESTART|SA_SIGINFO
SIGPIPE: [libjvm.so+0x848450], sa_mask[0]=11111111011111111101111111111110, sa_flags=SA_RESTART|SA_SIGINFO
SIGXFSZ: [libjvm.so+0x848450], sa_mask[0]=11111111011111111101111111111110, sa_flags=SA_RESTART|SA_SIGINFO
SIGILL: [libjvm.so+0x848450], sa_mask[0]=11111111011111111101111111111110, sa_flags=SA_RESTART|SA_SIGINFO
SIGUSR1: SIG_DFL, sa_mask[0]=00000000000000000000000000000000, sa_flags=none
SIGUSR2: [libjvm.so+0x848320], sa_mask[0]=00100000000000000000000000000000, sa_flags=SA_RESTART|SA_SIGINFO
SIGHUP: SIG_DFL, sa_mask[0]=00000000000000000000000000000000, sa_flags=none
SIGINT: SIG_DFL, sa_mask[0]=00000000000000000000000000000000, sa_flags=none
SIGTERM: SIG_DFL, sa_mask[0]=00000000000000000000000000000000, sa_flags=none
SIGQUIT: SIG_DFL, sa_mask[0]=00000000000000000000000000000000, sa_flags=none


---------------  S Y S T E M  ---------------

OS:DISTRIB_ID=Ubuntu
DISTRIB_RELEASE=16.04
DISTRIB_CODENAME=xenial
DISTRIB_DESCRIPTION="Ubuntu 16.04.3 LTS"

uname:Linux 4.10.0-35-generic #39~16.04.1-Ubuntu SMP Wed Sep 13 09:02:42 UTC 2017 x86_64
libc:glibc 2.23 NPTL 2.23 
rlimit: STACK 8192k, CORE 0k, NPROC 30570, NOFILE 1048576, AS infinity
load average:1.28 1.73 1.56

/proc/meminfo:
MemTotal:        8071012 kB
MemFree:         1465872 kB
MemAvailable:    4583708 kB
Buffers:          451504 kB
Cached:          2935844 kB
SwapCached:            0 kB
Active:          4100760 kB
Inactive:        2000976 kB
Active(anon):    2715764 kB
Inactive(anon):   325428 kB
Active(file):    1384996 kB
Inactive(file):  1675548 kB
Unevictable:          48 kB
Mlocked:              48 kB
SwapTotal:       8286204 kB
SwapFree:        8286204 kB
Dirty:              4212 kB
Writeback:             0 kB
AnonPages:       2604752 kB
Mapped:           523712 kB
Shmem:            326712 kB
Slab:             402656 kB
SReclaimable:     361152 kB
SUnreclaim:        41504 kB
KernelStack:       10652 kB
PageTables:        42060 kB
NFS_Unstable:          0 kB
Bounce:                0 kB
WritebackTmp:          0 kB
CommitLimit:    12321708 kB
Committed_AS:    7563436 kB
VmallocTotal:   34359738367 kB
VmallocUsed:           0 kB
VmallocChunk:          0 kB
HardwareCorrupted:     0 kB
AnonHugePages:   1007616 kB
ShmemHugePages:        0 kB
ShmemPmdMapped:        0 kB
CmaTotal:              0 kB
CmaFree:               0 kB
HugePages_Total:       0
HugePages_Free:        0
HugePages_Rsvd:        0
HugePages_Surp:        0
Hugepagesize:       2048 kB
DirectMap4k:      119208 kB
DirectMap2M:     7118848 kB
DirectMap1G:     2097152 kB


CPU:total 4 

/proc/cpuinfo:
processor	: 0
vendor_id	: GenuineIntel
cpu family	: 6
model		: 60
model name	: Intel(R) Core(TM) i3-4150 CPU @ 3.50GHz
stepping	: 3
microcode	: 0x19
cpu MHz		: 3499.786
cache size	: 3072 KB
physical id	: 0
siblings	: 4
core id		: 0
cpu cores	: 2
apicid		: 0
initial apicid	: 0
fpu		: yes
fpu_exception	: yes
cpuid level	: 13
wp		: yes
flags		: fpu vme de pse tsc msr pae mce cx8 apic sep mtrr pge mca cmov pat pse36 clflush dts acpi mmx fxsr sse sse2 ss ht tm pbe syscall nx pdpe1gb rdtscp lm constant_tsc arch_perfmon pebs bts rep_good nopl xtopology nonstop_tsc aperfmperf pni pclmulqdq dtes64 monitor ds_cpl vmx est tm2 ssse3 sdbg fma cx16 xtpr pdcm pcid sse4_1 sse4_2 movbe popcnt tsc_deadline_timer aes xsave avx f16c rdrand lahf_lm abm tpr_shadow vnmi flexpriority ept vpid fsgsbase tsc_adjust bmi1 avx2 smep bmi2 erms invpcid xsaveopt dtherm arat pln pts
bugs		:
bogomips	: 6984.42
clflush size	: 64
cache_alignment	: 64
address sizes	: 39 bits physical, 48 bits virtual
power management:

processor	: 1
vendor_id	: GenuineIntel
cpu family	: 6
model		: 60
model name	: Intel(R) Core(TM) i3-4150 CPU @ 3.50GHz
stepping	: 3
microcode	: 0x19
cpu MHz		: 3500.000
cache size	: 3072 KB
physical id	: 0
siblings	: 4
core id		: 1
cpu cores	: 2
apicid		: 2
initial apicid	: 2
fpu		: yes
fpu_exception	: yes
cpuid level	: 13
wp		: yes
flags		: fpu vme de pse tsc msr pae mce cx8 apic sep mtrr pge mca cmov pat pse36 clflush dts acpi mmx fxsr sse sse2 ss ht tm pbe syscall nx pdpe1gb rdtscp lm constant_tsc arch_perfmon pebs bts rep_good nopl xtopology nonstop_tsc aperfmperf pni pclmulqdq dtes64 monitor ds_cpl vmx est tm2 ssse3 sdbg fma cx16 xtpr pdcm pcid sse4_1 sse4_2 movbe popcnt tsc_deadline_timer aes xsave avx f16c rdrand lahf_lm abm tpr_shadow vnmi flexpriority ept vpid fsgsbase tsc_adjust bmi1 avx2 smep bmi2 erms invpcid xsaveopt dtherm arat pln pts
bugs		:
bogomips	: 6984.42
clflush size	: 64
cache_alignment	: 64
address sizes	: 39 bits physical, 48 bits virtual
power management:

processor	: 2
vendor_id	: GenuineIntel
cpu family	: 6
model		: 60
model name	: Intel(R) Core(TM) i3-4150 CPU @ 3.50GHz
stepping	: 3
microcode	: 0x19
cpu MHz		: 3500.000
cache size	: 3072 KB
physical id	: 0
siblings	: 4
core id		: 0
cpu cores	: 2
apicid		: 1
initial apicid	: 1
fpu		: yes
fpu_exception	: yes
cpuid level	: 13
wp		: yes
flags		: fpu vme de pse tsc msr pae mce cx8 apic sep mtrr pge mca cmov pat pse36 clflush dts acpi mmx fxsr sse sse2 ss ht tm pbe syscall nx pdpe1gb rdtscp lm constant_tsc arch_perfmon pebs bts rep_good nopl xtopology nonstop_tsc aperfmperf pni pclmulqdq dtes64 monitor ds_cpl vmx est tm2 ssse3 sdbg fma cx16 xtpr pdcm pcid sse4_1 sse4_2 movbe popcnt tsc_deadline_timer aes xsave avx f16c rdrand lahf_lm abm tpr_shadow vnmi flexpriority ept vpid fsgsbase tsc_adjust bmi1 avx2 smep bmi2 erms invpcid xsaveopt dtherm arat pln pts
bugs		:
bogomips	: 6984.42
clflush size	: 64
cache_alignment	: 64
address sizes	: 39 bits physical, 48 bits virtual
power management:

processor	: 3
vendor_id	: GenuineIntel
cpu family	: 6
model		: 60
model name	: Intel(R) Core(TM) i3-4150 CPU @ 3.50GHz
stepping	: 3
microcode	: 0x19
cpu MHz		: 3499.786
cache size	: 3072 KB
physical id	: 0
siblings	: 4
core id		: 1
cpu cores	: 2
apicid		: 3
initial apicid	: 3
fpu		: yes
fpu_exception	: yes
cpuid level	: 13
wp		: yes
flags		: fpu vme de pse tsc msr pae mce cx8 apic sep mtrr pge mca cmov pat pse36 clflush dts acpi mmx fxsr sse sse2 ss ht tm pbe syscall nx pdpe1gb rdtscp lm constant_tsc arch_perfmon pebs bts rep_good nopl xtopology nonstop_tsc aperfmperf pni pclmulqdq dtes64 monitor ds_cpl vmx est tm2 ssse3 sdbg fma cx16 xtpr pdcm pcid sse4_1 sse4_2 movbe popcnt tsc_deadline_timer aes xsave avx f16c rdrand lahf_lm abm tpr_shadow vnmi flexpriority ept vpid fsgsbase tsc_adjust bmi1 avx2 smep bmi2 erms invpcid xsaveopt dtherm arat pln pts
bugs		:
bogomips	: 6984.42
clflush size	: 64
cache_alignment	: 64
address sizes	: 39 bits physical, 48 bits virtual
power management:



Memory: 4k page, physical 8071012k(1465872k free), swap 8286204k(8286204k free)

vm_info: OpenJDK 64-Bit Server VM (25.112-b06) for linux-amd64 JRE (1.8.0_112-release-b06), built on Dec  6 2016 12:11:18 by "builder" with gcc 4.8.4

time: Mon Oct 16 10:41:02 2017
elapsed time: 0 seconds (0d 0h 0m 0s)

