#
# A fatal error has been detected by the Java Runtime Environment:
#
#  SIGSEGV (0xb) at pc=0x00007fc8d5cf0410, pid=4920, tid=0x00007fc8d6e15700
#
# JRE version:  (8.0_112-b06) (build )
# Java VM: OpenJDK 64-Bit Server VM (25.112-b06 mixed mode linux-amd64 compressed oops)
# Problematic frame:
# V  [libjvm.so+0x9e1410]  VirtualSpace::expand_by(unsigned long, bool)+0xb0
#
# Failed to write core dump. Core dumps have been disabled. To enable core dumping, try "ulimit -c unlimited" before starting Java again
#
# If you would like to submit a bug report, please visit:
#   http://bugreport.java.com/bugreport/crash.jsp
#

---------------  T H R E A D  ---------------

Current thread (0x00007fc8d0009800):  JavaThread "Unknown thread" [_thread_in_vm, id=4921, stack(0x00007fc8d6d15000,0x00007fc8d6e16000)]

siginfo: si_signo: 11 (SIGSEGV), si_code: 2 (SEGV_ACCERR), si_addr: 0x00007fc8c0de4000

Registers:
RAX=0x00007fc8c1054000, RBX=0x00000000020eaf10, RCX=0x00007fc8c0de4000, RDX=0x00007fc8c1054000
RSP=0x00007fc8d6e14ae0, RBP=0x00007fc8d6e14b30, RSI=0xfffffffffffff000, RDI=0x00007fc8c0de4000
R8 =0x0000000000000000, R9 =0x00007fc8c1054000, R10=0x0000000000004022, R11=0x0000000000000246
R12=0x0000000000270000, R13=0x00007fc8c0de4000, R14=0x00007fc8c1054000, R15=0x0000000000000000
RIP=0x00007fc8d5cf0410, EFLAGS=0x0000000000010246, CSGSFS=0x002b000000000033, ERR=0x0000000000000004
  TRAPNO=0x000000000000000e

Top of Stack: (sp=0x00007fc8d6e14ae0)
0x00007fc8d6e14ae0:   00007fc8d6e14b30 00007fc8d5cefcd5
0x00007fc8d6e14af0:   00007fc8d6e14b00 00007fc8d5b55bdd
0x00007fc8d6e14b00:   00007fc8d6e14b30 00000000020eaf10
0x00007fc8d6e14b10:   0000000000270000 0000000000270000
0x00007fc8d6e14b20:   0000000000001000 0000000000001000
0x00007fc8d6e14b30:   00007fc8d6e14c10 00007fc8d58cb118
0x00007fc8d6e14b40:   00007fc8c0de4000 000000000f000000
0x00007fc8d6e14b50:   0000000000000000 0000000000001000
0x00007fc8d6e14b60:   0000000000000100 0000000000000000
0x00007fc8d6e14b70:   0000000000001000 000000000f000000
0x00007fc8d6e14b80:   00007fc8c0de4000 000000000f000000
0x00007fc8d6e14b90:   0000000000000000 0000000000001000
0x00007fc8d6e14ba0:   00007fc8d6e10100 0000000000003000
0x00007fc8d6e14bb0:   00007fc8d6e14c30 00007fc8d573ed0b
0x00007fc8d6e14bc0:   00007fc8d0009800 00007fc8d6e14c10
0x00007fc8d6e14bd0:   00007fc8d0009800 00007fc8d6e14c40
0x00007fc8d6e14be0:   00007fc8d6e14e50 00007fc8d61a31c0
0x00007fc8d6e14bf0:   00007fc8d6e14c40 00007fc8d6e14e50
0x00007fc8d6e14c00:   0000000000003000 00007fc8d0009800
0x00007fc8d6e14c10:   00007fc8d6e14c30 00007fc8d5754850
0x00007fc8d6e14c20:   00007fc8d6e14c40 00007fc8d6e14d40
0x00007fc8d6e14c30:   00007fc8d6e14c90 00007fc8d58ecf0c
0x00007fc8d6e14c40:   00007fc8d0009800 00007fc8d0008620
0x00007fc8d6e14c50:   00007fc8d000a190 00007fc8d000a1a0
0x00007fc8d6e14c60:   00007fc8d000a278 00000000000000d8
0x00007fc8d6e14c70:   00007fc8d000a380 00007fc8d6e14e50
0x00007fc8d6e14c80:   00007fc8d6e14d40 00007fc8d6e14d10
0x00007fc8d6e14c90:   00007fc8d6e14e20 00007fc8d5ca2bd3
0x00007fc8d6e14ca0:   0000000000000000 0000000000000000
0x00007fc8d6e14cb0:   00007fc8d6e19e60 00007fc8d6e14cf0
0x00007fc8d6e14cc0:   0000000100000000 00007fc8d6e14ce0
0x00007fc8d6e14cd0:   00000000a8428197 00007fc8d620f090 

Instructions: (pc=0x00007fc8d5cf0410)
0x00007fc8d5cf03f0:   48 8b 7f 28 49 39 c6 49 0f 46 c6 45 31 c0 48 01
0x00007fc8d5cf0400:   f0 48 f7 d6 48 21 f0 48 a9 ce 48 29 fe 48 39 cf
0x00007fc8d5cf0410:   69 0f 43 f0 48 89 f1 48 ab 73 30 49 29 f1 48 39
0x00007fc8d5cf0420:   56 48 8b 53 38 48 89 c6 4d 0f 43 c8 48 29 d6 48 

Stack: [0x00007fc8d6d15000,0x00007fc8d6e16000],  sp=0x00007fc8d6e14ae0,  free space=1022k
Native frames: (J=compiled Java code, j=interpreted, Vv=VM code, C=native code)
V  [libjvm.so+0x9e1410]  VirtualSpace::expand_by(unsigned long, bool)+0xb0
V  [libjvm.so+0x5bc118]  CodeHeap::reserve(unsigned long, unsigned long, unsigned long)+0x118
V  [libjvm.so+0x445850]  codeCache_init()+0x80
V  [libjvm.so+0x5ddf0c]  init_globals()+0x3c
V  [libjvm.so+0x993bd3]  Threads::create_vm(JavaVMInitArgs*, bool*)+0x2b3
V  [libjvm.so+0x64b5e2]  JNI_CreateJavaVM+0x52
C  [libjli.so+0x77c8]  JavaMain+0x88
C  [libpthread.so.0+0x76ba]  start_thread+0xca


---------------  P R O C E S S  ---------------

Java Threads: ( => current thread )

Other Threads:

=>0x00007fc8d0009800 (exited) JavaThread "Unknown thread" [_thread_in_vm, id=4921, stack(0x00007fc8d6d15000,0x00007fc8d6e16000)]

VM state:not at safepoint (not fully initialized)

VM Mutex/Monitor currently owned by a thread: None

Deoptimization events (0 events):
No events

Internal exceptions (0 events):
No events

Events (0 events):
No events


Dynamic libraries:
00400000-00401000 r-xp 00000000 08:02 17697682                           /home/rahil/rahil/android-studio/jre/bin/java
00600000-00601000 r--p 00000000 08:02 17697682                           /home/rahil/rahil/android-studio/jre/bin/java
00601000-00602000 rw-p 00001000 08:02 17697682                           /home/rahil/rahil/android-studio/jre/bin/java
020ea000-0210b000 rw-p 00000000 00:00 0                                  [heap]
7fc8c0c5b000-7fc8c0de4000 rw-p 00000000 00:00 0 
7fc8c0de4000-7fc8cfde4000 ---p 00000000 00:00 0 
7fc8cfde4000-7fc8cfdfe000 r-xp 00000000 08:02 17826227                   /home/rahil/rahil/android-studio/jre/jre/lib/amd64/libzip.so
7fc8cfdfe000-7fc8cfffe000 ---p 0001a000 08:02 17826227                   /home/rahil/rahil/android-studio/jre/jre/lib/amd64/libzip.so
7fc8cfffe000-7fc8cffff000 r--p 0001a000 08:02 17826227                   /home/rahil/rahil/android-studio/jre/jre/lib/amd64/libzip.so
7fc8cffff000-7fc8d0000000 rw-p 0001b000 08:02 17826227                   /home/rahil/rahil/android-studio/jre/jre/lib/amd64/libzip.so
7fc8d0000000-7fc8d0030000 rw-p 00000000 00:00 0 
7fc8d0030000-7fc8d4000000 ---p 00000000 00:00 0 
7fc8d4090000-7fc8d417d000 rw-p 00000000 00:00 0 
7fc8d417d000-7fc8d4188000 r-xp 00000000 08:02 18354723                   /lib/x86_64-linux-gnu/libnss_files-2.23.so
7fc8d4188000-7fc8d4387000 ---p 0000b000 08:02 18354723                   /lib/x86_64-linux-gnu/libnss_files-2.23.so
7fc8d4387000-7fc8d4388000 r--p 0000a000 08:02 18354723                   /lib/x86_64-linux-gnu/libnss_files-2.23.so
7fc8d4388000-7fc8d4389000 rw-p 0000b000 08:02 18354723                   /lib/x86_64-linux-gnu/libnss_files-2.23.so
7fc8d4389000-7fc8d438f000 rw-p 00000000 00:00 0 
7fc8d438f000-7fc8d439a000 r-xp 00000000 08:02 18354733                   /lib/x86_64-linux-gnu/libnss_nis-2.23.so
7fc8d439a000-7fc8d4599000 ---p 0000b000 08:02 18354733                   /lib/x86_64-linux-gnu/libnss_nis-2.23.so
7fc8d4599000-7fc8d459a000 r--p 0000a000 08:02 18354733                   /lib/x86_64-linux-gnu/libnss_nis-2.23.so
7fc8d459a000-7fc8d459b000 rw-p 0000b000 08:02 18354733                   /lib/x86_64-linux-gnu/libnss_nis-2.23.so
7fc8d459b000-7fc8d45b1000 r-xp 00000000 08:02 18354717                   /lib/x86_64-linux-gnu/libnsl-2.23.so
7fc8d45b1000-7fc8d47b0000 ---p 00016000 08:02 18354717                   /lib/x86_64-linux-gnu/libnsl-2.23.so
7fc8d47b0000-7fc8d47b1000 r--p 00015000 08:02 18354717                   /lib/x86_64-linux-gnu/libnsl-2.23.so
7fc8d47b1000-7fc8d47b2000 rw-p 00016000 08:02 18354717                   /lib/x86_64-linux-gnu/libnsl-2.23.so
7fc8d47b2000-7fc8d47b4000 rw-p 00000000 00:00 0 
7fc8d47b4000-7fc8d47bc000 r-xp 00000000 08:02 18354719                   /lib/x86_64-linux-gnu/libnss_compat-2.23.so
7fc8d47bc000-7fc8d49bb000 ---p 00008000 08:02 18354719                   /lib/x86_64-linux-gnu/libnss_compat-2.23.so
7fc8d49bb000-7fc8d49bc000 r--p 00007000 08:02 18354719                   /lib/x86_64-linux-gnu/libnss_compat-2.23.so
7fc8d49bc000-7fc8d49bd000 rw-p 00008000 08:02 18354719                   /lib/x86_64-linux-gnu/libnss_compat-2.23.so
7fc8d49bd000-7fc8d49ea000 r-xp 00000000 08:02 17826217                   /home/rahil/rahil/android-studio/jre/jre/lib/amd64/libjava.so
7fc8d49ea000-7fc8d4be9000 ---p 0002d000 08:02 17826217                   /home/rahil/rahil/android-studio/jre/jre/lib/amd64/libjava.so
7fc8d4be9000-7fc8d4bea000 r--p 0002c000 08:02 17826217                   /home/rahil/rahil/android-studio/jre/jre/lib/amd64/libjava.so
7fc8d4bea000-7fc8d4bec000 rw-p 0002d000 08:02 17826217                   /home/rahil/rahil/android-studio/jre/jre/lib/amd64/libjava.so
7fc8d4bec000-7fc8d4bfc000 r-xp 00000000 08:02 17826201                   /home/rahil/rahil/android-studio/jre/jre/lib/amd64/libverify.so
7fc8d4bfc000-7fc8d4dfb000 ---p 00010000 08:02 17826201                   /home/rahil/rahil/android-studio/jre/jre/lib/amd64/libverify.so
7fc8d4dfb000-7fc8d4dfd000 r--p 0000f000 08:02 17826201                   /home/rahil/rahil/android-studio/jre/jre/lib/amd64/libverify.so
7fc8d4dfd000-7fc8d4dfe000 rw-p 00011000 08:02 17826201                   /home/rahil/rahil/android-studio/jre/jre/lib/amd64/libverify.so
7fc8d4dfe000-7fc8d4e05000 r-xp 00000000 08:02 18354778                   /lib/x86_64-linux-gnu/librt-2.23.so
7fc8d4e05000-7fc8d5004000 ---p 00007000 08:02 18354778                   /lib/x86_64-linux-gnu/librt-2.23.so
7fc8d5004000-7fc8d5005000 r--p 00006000 08:02 18354778                   /lib/x86_64-linux-gnu/librt-2.23.so
7fc8d5005000-7fc8d5006000 rw-p 00007000 08:02 18354778                   /lib/x86_64-linux-gnu/librt-2.23.so
7fc8d5006000-7fc8d510e000 r-xp 00000000 08:02 18354694                   /lib/x86_64-linux-gnu/libm-2.23.so
7fc8d510e000-7fc8d530d000 ---p 00108000 08:02 18354694                   /lib/x86_64-linux-gnu/libm-2.23.so
7fc8d530d000-7fc8d530e000 r--p 00107000 08:02 18354694                   /lib/x86_64-linux-gnu/libm-2.23.so
7fc8d530e000-7fc8d530f000 rw-p 00108000 08:02 18354694                   /lib/x86_64-linux-gnu/libm-2.23.so
7fc8d530f000-7fc8d5f00000 r-xp 00000000 08:02 17826564                   /home/rahil/rahil/android-studio/jre/jre/lib/amd64/server/libjvm.so
7fc8d5f00000-7fc8d6100000 ---p 00bf1000 08:02 17826564                   /home/rahil/rahil/android-studio/jre/jre/lib/amd64/server/libjvm.so
7fc8d6100000-7fc8d619f000 r--p 00bf1000 08:02 17826564                   /home/rahil/rahil/android-studio/jre/jre/lib/amd64/server/libjvm.so
7fc8d619f000-7fc8d61c8000 rw-p 00c90000 08:02 17826564                   /home/rahil/rahil/android-studio/jre/jre/lib/amd64/server/libjvm.so
7fc8d61c8000-7fc8d620c000 rw-p 00000000 00:00 0 
7fc8d620c000-7fc8d6224000 r-xp 00000000 08:02 18354770                   /lib/x86_64-linux-gnu/libpthread-2.23.so
7fc8d6224000-7fc8d6423000 ---p 00018000 08:02 18354770                   /lib/x86_64-linux-gnu/libpthread-2.23.so
7fc8d6423000-7fc8d6424000 r--p 00017000 08:02 18354770                   /lib/x86_64-linux-gnu/libpthread-2.23.so
7fc8d6424000-7fc8d6425000 rw-p 00018000 08:02 18354770                   /lib/x86_64-linux-gnu/libpthread-2.23.so
7fc8d6425000-7fc8d6429000 rw-p 00000000 00:00 0 
7fc8d6429000-7fc8d642c000 r-xp 00000000 08:02 18354648                   /lib/x86_64-linux-gnu/libdl-2.23.so
7fc8d642c000-7fc8d662b000 ---p 00003000 08:02 18354648                   /lib/x86_64-linux-gnu/libdl-2.23.so
7fc8d662b000-7fc8d662c000 r--p 00002000 08:02 18354648                   /lib/x86_64-linux-gnu/libdl-2.23.so
7fc8d662c000-7fc8d662d000 rw-p 00003000 08:02 18354648                   /lib/x86_64-linux-gnu/libdl-2.23.so
7fc8d662d000-7fc8d67ed000 r-xp 00000000 08:02 18354624                   /lib/x86_64-linux-gnu/libc-2.23.so
7fc8d67ed000-7fc8d69ed000 ---p 001c0000 08:02 18354624                   /lib/x86_64-linux-gnu/libc-2.23.so
7fc8d69ed000-7fc8d69f1000 r--p 001c0000 08:02 18354624                   /lib/x86_64-linux-gnu/libc-2.23.so
7fc8d69f1000-7fc8d69f3000 rw-p 001c4000 08:02 18354624                   /lib/x86_64-linux-gnu/libc-2.23.so
7fc8d69f3000-7fc8d69f7000 rw-p 00000000 00:00 0 
7fc8d69f7000-7fc8d6a0d000 r-xp 00000000 08:02 17826266                   /home/rahil/rahil/android-studio/jre/lib/amd64/jli/libjli.so
7fc8d6a0d000-7fc8d6c0c000 ---p 00016000 08:02 17826266                   /home/rahil/rahil/android-studio/jre/lib/amd64/jli/libjli.so
7fc8d6c0c000-7fc8d6c0d000 r--p 00015000 08:02 17826266                   /home/rahil/rahil/android-studio/jre/lib/amd64/jli/libjli.so
7fc8d6c0d000-7fc8d6c0e000 rw-p 00016000 08:02 17826266                   /home/rahil/rahil/android-studio/jre/lib/amd64/jli/libjli.so
7fc8d6c0e000-7fc8d6c34000 r-xp 00000000 08:02 18354596                   /lib/x86_64-linux-gnu/ld-2.23.so
7fc8d6d15000-7fc8d6d18000 ---p 00000000 00:00 0 
7fc8d6d18000-7fc8d6e1a000 rw-p 00000000 00:00 0 
7fc8d6e27000-7fc8d6e2f000 rw-s 00000000 08:02 11404478                   /tmp/hsperfdata_rahil/4920
7fc8d6e2f000-7fc8d6e30000 rw-p 00000000 00:00 0 
7fc8d6e30000-7fc8d6e31000 r--p 00000000 00:00 0 
7fc8d6e31000-7fc8d6e33000 rw-p 00000000 00:00 0 
7fc8d6e33000-7fc8d6e34000 r--p 00025000 08:02 18354596                   /lib/x86_64-linux-gnu/ld-2.23.so
7fc8d6e34000-7fc8d6e35000 rw-p 00026000 08:02 18354596                   /lib/x86_64-linux-gnu/ld-2.23.so
7fc8d6e35000-7fc8d6e36000 rw-p 00000000 00:00 0 
7ffdd8c2b000-7ffdd8c4c000 rw-p 00000000 00:00 0                          [stack]
7ffdd8dbf000-7ffdd8dc1000 r--p 00000000 00:00 0                          [vvar]
7ffdd8dc1000-7ffdd8dc3000 r-xp 00000000 00:00 0                          [vdso]
ffffffffff600000-ffffffffff601000 r-xp 00000000 00:00 0                  [vsyscall]

VM Arguments:
java_command: <unknown>
java_class_path (initial): .
Launcher Type: SUN_STANDARD

Environment Variables:
JAVA_HOME=/usr/lib/jvm/java-8-oracle
PATH=/home/rahil/bin:/home/rahil/.local/bin:/usr/local/sbin:/usr/local/bin:/usr/sbin:/usr/bin:/sbin:/bin:/usr/games:/usr/local/games:/snap/bin:/usr/lib/jvm/java-8-oracle/bin:/usr/lib/jvm/java-8-oracle/db/bin:/usr/lib/jvm/java-8-oracle/jre/bin
LD_LIBRARY_PATH=.:
SHELL=/bin/bash
DISPLAY=:0

Signal Handlers:
SIGSEGV: [libjvm.so+0x9e5150], sa_mask[0]=11111111011111111101111111111110, sa_flags=SA_RESTART|SA_SIGINFO
SIGBUS: [libjvm.so+0x9e5150], sa_mask[0]=11111111011111111101111111111110, sa_flags=SA_RESTART|SA_SIGINFO
SIGFPE: [libjvm.so+0x848450], sa_mask[0]=11111111011111111101111111111110, sa_flags=SA_RESTART|SA_SIGINFO
SIGPIPE: [libjvm.so+0x848450], sa_mask[0]=11111111011111111101111111111110, sa_flags=SA_RESTART|SA_SIGINFO
SIGXFSZ: [libjvm.so+0x848450], sa_mask[0]=11111111011111111101111111111110, sa_flags=SA_RESTART|SA_SIGINFO
SIGILL: [libjvm.so+0x848450], sa_mask[0]=11111111011111111101111111111110, sa_flags=SA_RESTART|SA_SIGINFO
SIGUSR1: SIG_DFL, sa_mask[0]=00000000000000000000000000000000, sa_flags=none
SIGUSR2: [libjvm.so+0x848320], sa_mask[0]=00100000000000000000000000000000, sa_flags=SA_RESTART|SA_SIGINFO
SIGHUP: SIG_DFL, sa_mask[0]=00000000000000000000000000000000, sa_flags=none
SIGINT: SIG_DFL, sa_mask[0]=00000000000000000000000000000000, sa_flags=none
SIGTERM: SIG_DFL, sa_mask[0]=00000000000000000000000000000000, sa_flags=none
SIGQUIT: SIG_DFL, sa_mask[0]=00000000000000000000000000000000, sa_flags=none


---------------  S Y S T E M  ---------------

OS:DISTRIB_ID=Ubuntu
DISTRIB_RELEASE=16.04
DISTRIB_CODENAME=xenial
DISTRIB_DESCRIPTION="Ubuntu 16.04.3 LTS"

uname:Linux 4.10.0-35-generic #39~16.04.1-Ubuntu SMP Wed Sep 13 09:02:42 UTC 2017 x86_64
libc:glibc 2.23 NPTL 2.23 
rlimit: STACK 8192k, CORE 0k, NPROC 30570, NOFILE 1048576, AS infinity
load average:1.00 1.65 1.53

/proc/meminfo:
MemTotal:        8071012 kB
MemFree:         1452404 kB
MemAvailable:    4570536 kB
Buffers:          451528 kB
Cached:          2935952 kB
SwapCached:            0 kB
Active:          4114024 kB
Inactive:        2000796 kB
Active(anon):    2728704 kB
Inactive(anon):   325212 kB
Active(file):    1385320 kB
Inactive(file):  1675584 kB
Unevictable:          48 kB
Mlocked:              48 kB
SwapTotal:       8286204 kB
SwapFree:        8286204 kB
Dirty:             14480 kB
Writeback:             0 kB
AnonPages:       2614900 kB
Mapped:           525020 kB
Shmem:            326496 kB
Slab:             402564 kB
SReclaimable:     361088 kB
SUnreclaim:        41476 kB
KernelStack:       10588 kB
PageTables:        42080 kB
NFS_Unstable:          0 kB
Bounce:                0 kB
WritebackTmp:          0 kB
CommitLimit:    12321708 kB
Committed_AS:    7581344 kB
VmallocTotal:   34359738367 kB
VmallocUsed:           0 kB
VmallocChunk:          0 kB
HardwareCorrupted:     0 kB
AnonHugePages:   1005568 kB
ShmemHugePages:        0 kB
ShmemPmdMapped:        0 kB
CmaTotal:              0 kB
CmaFree:               0 kB
HugePages_Total:       0
HugePages_Free:        0
HugePages_Rsvd:        0
HugePages_Surp:        0
Hugepagesize:       2048 kB
DirectMap4k:      119208 kB
DirectMap2M:     7118848 kB
DirectMap1G:     2097152 kB


CPU:total 4 

/proc/cpuinfo:
processor	: 0
vendor_id	: GenuineIntel
cpu family	: 6
model		: 60
model name	: Intel(R) Core(TM) i3-4150 CPU @ 3.50GHz
stepping	: 3
microcode	: 0x19
cpu MHz		: 3499.786
cache size	: 3072 KB
physical id	: 0
siblings	: 4
core id		: 0
cpu cores	: 2
apicid		: 0
initial apicid	: 0
fpu		: yes
fpu_exception	: yes
cpuid level	: 13
wp		: yes
flags		: fpu vme de pse tsc msr pae mce cx8 apic sep mtrr pge mca cmov pat pse36 clflush dts acpi mmx fxsr sse sse2 ss ht tm pbe syscall nx pdpe1gb rdtscp lm constant_tsc arch_perfmon pebs bts rep_good nopl xtopology nonstop_tsc aperfmperf pni pclmulqdq dtes64 monitor ds_cpl vmx est tm2 ssse3 sdbg fma cx16 xtpr pdcm pcid sse4_1 sse4_2 movbe popcnt tsc_deadline_timer aes xsave avx f16c rdrand lahf_lm abm tpr_shadow vnmi flexpriority ept vpid fsgsbase tsc_adjust bmi1 avx2 smep bmi2 erms invpcid xsaveopt dtherm arat pln pts
bugs		:
bogomips	: 6984.42
clflush size	: 64
cache_alignment	: 64
address sizes	: 39 bits physical, 48 bits virtual
power management:

processor	: 1
vendor_id	: GenuineIntel
cpu family	: 6
model		: 60
model name	: Intel(R) Core(TM) i3-4150 CPU @ 3.50GHz
stepping	: 3
microcode	: 0x19
cpu MHz		: 3500.000
cache size	: 3072 KB
physical id	: 0
siblings	: 4
core id		: 1
cpu cores	: 2
apicid		: 2
initial apicid	: 2
fpu		: yes
fpu_exception	: yes
cpuid level	: 13
wp		: yes
flags		: fpu vme de pse tsc msr pae mce cx8 apic sep mtrr pge mca cmov pat pse36 clflush dts acpi mmx fxsr sse sse2 ss ht tm pbe syscall nx pdpe1gb rdtscp lm constant_tsc arch_perfmon pebs bts rep_good nopl xtopology nonstop_tsc aperfmperf pni pclmulqdq dtes64 monitor ds_cpl vmx est tm2 ssse3 sdbg fma cx16 xtpr pdcm pcid sse4_1 sse4_2 movbe popcnt tsc_deadline_timer aes xsave avx f16c rdrand lahf_lm abm tpr_shadow vnmi flexpriority ept vpid fsgsbase tsc_adjust bmi1 avx2 smep bmi2 erms invpcid xsaveopt dtherm arat pln pts
bugs		:
bogomips	: 6984.42
clflush size	: 64
cache_alignment	: 64
address sizes	: 39 bits physical, 48 bits virtual
power management:

processor	: 2
vendor_id	: GenuineIntel
cpu family	: 6
model		: 60
model name	: Intel(R) Core(TM) i3-4150 CPU @ 3.50GHz
stepping	: 3
microcode	: 0x19
cpu MHz		: 3500.000
cache size	: 3072 KB
physical id	: 0
siblings	: 4
core id		: 0
cpu cores	: 2
apicid		: 1
initial apicid	: 1
fpu		: yes
fpu_exception	: yes
cpuid level	: 13
wp		: yes
flags		: fpu vme de pse tsc msr pae mce cx8 apic sep mtrr pge mca cmov pat pse36 clflush dts acpi mmx fxsr sse sse2 ss ht tm pbe syscall nx pdpe1gb rdtscp lm constant_tsc arch_perfmon pebs bts rep_good nopl xtopology nonstop_tsc aperfmperf pni pclmulqdq dtes64 monitor ds_cpl vmx est tm2 ssse3 sdbg fma cx16 xtpr pdcm pcid sse4_1 sse4_2 movbe popcnt tsc_deadline_timer aes xsave avx f16c rdrand lahf_lm abm tpr_shadow vnmi flexpriority ept vpid fsgsbase tsc_adjust bmi1 avx2 smep bmi2 erms invpcid xsaveopt dtherm arat pln pts
bugs		:
bogomips	: 6984.42
clflush size	: 64
cache_alignment	: 64
address sizes	: 39 bits physical, 48 bits virtual
power management:

processor	: 3
vendor_id	: GenuineIntel
cpu family	: 6
model		: 60
model name	: Intel(R) Core(TM) i3-4150 CPU @ 3.50GHz
stepping	: 3
microcode	: 0x19
cpu MHz		: 3499.786
cache size	: 3072 KB
physical id	: 0
siblings	: 4
core id		: 1
cpu cores	: 2
apicid		: 3
initial apicid	: 3
fpu		: yes
fpu_exception	: yes
cpuid level	: 13
wp		: yes
flags		: fpu vme de pse tsc msr pae mce cx8 apic sep mtrr pge mca cmov pat pse36 clflush dts acpi mmx fxsr sse sse2 ss ht tm pbe syscall nx pdpe1gb rdtscp lm constant_tsc arch_perfmon pebs bts rep_good nopl xtopology nonstop_tsc aperfmperf pni pclmulqdq dtes64 monitor ds_cpl vmx est tm2 ssse3 sdbg fma cx16 xtpr pdcm pcid sse4_1 sse4_2 movbe popcnt tsc_deadline_timer aes xsave avx f16c rdrand lahf_lm abm tpr_shadow vnmi flexpriority ept vpid fsgsbase tsc_adjust bmi1 avx2 smep bmi2 erms invpcid xsaveopt dtherm arat pln pts
bugs		:
bogomips	: 6984.42
clflush size	: 64
cache_alignment	: 64
address sizes	: 39 bits physical, 48 bits virtual
power management:



Memory: 4k page, physical 8071012k(1452404k free), swap 8286204k(8286204k free)

vm_info: OpenJDK 64-Bit Server VM (25.112-b06) for linux-amd64 JRE (1.8.0_112-release-b06), built on Dec  6 2016 12:11:18 by "builder" with gcc 4.8.4

time: Mon Oct 16 10:41:17 2017
elapsed time: 0 seconds (0d 0h 0m 0s)

