#
# A fatal error has been detected by the Java Runtime Environment:
#
#  SIGSEGV (0xb) at pc=0x00007ff8d573e410, pid=4363, tid=0x00007ff8d6863700
#
# JRE version:  (8.0_112-b06) (build )
# Java VM: OpenJDK 64-Bit Server VM (25.112-b06 mixed mode linux-amd64 compressed oops)
# Problematic frame:
# V  [libjvm.so+0x9e1410]  VirtualSpace::expand_by(unsigned long, bool)+0xb0
#
# Failed to write core dump. Core dumps have been disabled. To enable core dumping, try "ulimit -c unlimited" before starting Java again
#
# If you would like to submit a bug report, please visit:
#   http://bugreport.java.com/bugreport/crash.jsp
#

---------------  T H R E A D  ---------------

Current thread (0x00007ff8d0009800):  JavaThread "Unknown thread" [_thread_in_vm, id=4368, stack(0x00007ff8d6763000,0x00007ff8d6864000)]

siginfo: si_signo: 11 (SIGSEGV), si_code: 2 (SEGV_ACCERR), si_addr: 0x00007ff8c07ad000

Registers:
RAX=0x00007ff8c0a1d000, RBX=0x0000000002200f10, RCX=0x00007ff8c07ad000, RDX=0x00007ff8c0a1d000
RSP=0x00007ff8d6862ae0, RBP=0x00007ff8d6862b30, RSI=0xfffffffffffff000, RDI=0x00007ff8c07ad000
R8 =0x0000000000000000, R9 =0x00007ff8c0a1d000, R10=0x0000000000004022, R11=0x0000000000000246
R12=0x0000000000270000, R13=0x00007ff8c07ad000, R14=0x00007ff8c0a1d000, R15=0x0000000000000000
RIP=0x00007ff8d573e410, EFLAGS=0x0000000000010246, CSGSFS=0x002b000000000033, ERR=0x0000000000000004
  TRAPNO=0x000000000000000e

Top of Stack: (sp=0x00007ff8d6862ae0)
0x00007ff8d6862ae0:   00007ff8d6862b30 00007ff8d573dcd5
0x00007ff8d6862af0:   00007ff8d6862b00 00007ff8d55a3bdd
0x00007ff8d6862b00:   00007ff8d6862b30 0000000002200f10
0x00007ff8d6862b10:   0000000000270000 0000000000270000
0x00007ff8d6862b20:   0000000000001000 0000000000001000
0x00007ff8d6862b30:   00007ff8d6862c10 00007ff8d5319118
0x00007ff8d6862b40:   00007ff8c07ad000 000000000f000000
0x00007ff8d6862b50:   0000000000000000 0000000000001000
0x00007ff8d6862b60:   0000000000000100 0000000000000000
0x00007ff8d6862b70:   0000000000001000 000000000f000000
0x00007ff8d6862b80:   00007ff8c07ad000 000000000f000000
0x00007ff8d6862b90:   0000000000000000 0000000000001000
0x00007ff8d6862ba0:   00007ff8d6860100 0000000000003000
0x00007ff8d6862bb0:   00007ff8d6862c30 00007ff8d518cd0b
0x00007ff8d6862bc0:   00007ff8d0009800 00007ff8d6862c10
0x00007ff8d6862bd0:   00007ff8d0009800 00007ff8d6862c40
0x00007ff8d6862be0:   00007ff8d6862e50 00007ff8d5bf11c0
0x00007ff8d6862bf0:   00007ff8d6862c40 00007ff8d6862e50
0x00007ff8d6862c00:   0000000000003000 00007ff8d0009800
0x00007ff8d6862c10:   00007ff8d6862c30 00007ff8d51a2850
0x00007ff8d6862c20:   00007ff8d6862c40 00007ff8d6862d40
0x00007ff8d6862c30:   00007ff8d6862c90 00007ff8d533af0c
0x00007ff8d6862c40:   00007ff8d0009800 00007ff8d0008620
0x00007ff8d6862c50:   00007ff8d000a190 00007ff8d000a1a0
0x00007ff8d6862c60:   00007ff8d000a278 00000000000000d8
0x00007ff8d6862c70:   00007ff8d000a380 00007ff8d6862e50
0x00007ff8d6862c80:   00007ff8d6862d40 00007ff8d6862d10
0x00007ff8d6862c90:   00007ff8d6862e20 00007ff8d56f0bd3
0x00007ff8d6862ca0:   0000000000000000 0000000000000000
0x00007ff8d6862cb0:   00007ff8d6867e60 00007ff8d6862cf0
0x00007ff8d6862cc0:   0000000100000000 00007ff8d6862ce0
0x00007ff8d6862cd0:   00000000a8428197 00007ff8d5c5d090 

Instructions: (pc=0x00007ff8d573e410)
0x00007ff8d573e3f0:   48 8b 7f 28 49 39 c6 49 0f 46 c6 45 31 c0 48 01
0x00007ff8d573e400:   f0 48 f7 d6 48 21 f0 48 a9 ce 48 29 fe 48 39 cf
0x00007ff8d573e410:   69 0f 43 f0 48 89 f1 48 ab 73 30 49 29 f1 48 39
0x00007ff8d573e420:   56 48 8b 53 38 48 89 c6 4d 0f 43 c8 48 29 d6 48 

Stack: [0x00007ff8d6763000,0x00007ff8d6864000],  sp=0x00007ff8d6862ae0,  free space=1022k
Native frames: (J=compiled Java code, j=interpreted, Vv=VM code, C=native code)
V  [libjvm.so+0x9e1410]  VirtualSpace::expand_by(unsigned long, bool)+0xb0
V  [libjvm.so+0x5bc118]  CodeHeap::reserve(unsigned long, unsigned long, unsigned long)+0x118
V  [libjvm.so+0x445850]  codeCache_init()+0x80
V  [libjvm.so+0x5ddf0c]  init_globals()+0x3c
V  [libjvm.so+0x993bd3]  Threads::create_vm(JavaVMInitArgs*, bool*)+0x2b3
V  [libjvm.so+0x64b5e2]  JNI_CreateJavaVM+0x52
C  [libjli.so+0x77c8]  JavaMain+0x88
C  [libpthread.so.0+0x76ba]  start_thread+0xca


---------------  P R O C E S S  ---------------

Java Threads: ( => current thread )

Other Threads:

=>0x00007ff8d0009800 (exited) JavaThread "Unknown thread" [_thread_in_vm, id=4368, stack(0x00007ff8d6763000,0x00007ff8d6864000)]

VM state:not at safepoint (not fully initialized)

VM Mutex/Monitor currently owned by a thread: None

Deoptimization events (0 events):
No events

Internal exceptions (0 events):
No events

Events (0 events):
No events


Dynamic libraries:
00400000-00401000 r-xp 00000000 08:02 17697682                           /home/rahil/rahil/android-studio/jre/bin/java
00600000-00601000 r--p 00000000 08:02 17697682                           /home/rahil/rahil/android-studio/jre/bin/java
00601000-00602000 rw-p 00001000 08:02 17697682                           /home/rahil/rahil/android-studio/jre/bin/java
02200000-02221000 rw-p 00000000 00:00 0                                  [heap]
7ff8c0624000-7ff8c07ad000 rw-p 00000000 00:00 0 
7ff8c07ad000-7ff8cf7ad000 ---p 00000000 00:00 0 
7ff8cf7ad000-7ff8cf7c7000 r-xp 00000000 08:02 17826227                   /home/rahil/rahil/android-studio/jre/jre/lib/amd64/libzip.so
7ff8cf7c7000-7ff8cf9c7000 ---p 0001a000 08:02 17826227                   /home/rahil/rahil/android-studio/jre/jre/lib/amd64/libzip.so
7ff8cf9c7000-7ff8cf9c8000 r--p 0001a000 08:02 17826227                   /home/rahil/rahil/android-studio/jre/jre/lib/amd64/libzip.so
7ff8cf9c8000-7ff8cf9c9000 rw-p 0001b000 08:02 17826227                   /home/rahil/rahil/android-studio/jre/jre/lib/amd64/libzip.so
7ff8cf9c9000-7ff8cf9d4000 r-xp 00000000 08:02 18354723                   /lib/x86_64-linux-gnu/libnss_files-2.23.so
7ff8cf9d4000-7ff8cfbd3000 ---p 0000b000 08:02 18354723                   /lib/x86_64-linux-gnu/libnss_files-2.23.so
7ff8cfbd3000-7ff8cfbd4000 r--p 0000a000 08:02 18354723                   /lib/x86_64-linux-gnu/libnss_files-2.23.so
7ff8cfbd4000-7ff8cfbd5000 rw-p 0000b000 08:02 18354723                   /lib/x86_64-linux-gnu/libnss_files-2.23.so
7ff8cfbd5000-7ff8cfbdb000 rw-p 00000000 00:00 0 
7ff8cfbdb000-7ff8cfbe6000 r-xp 00000000 08:02 18354733                   /lib/x86_64-linux-gnu/libnss_nis-2.23.so
7ff8cfbe6000-7ff8cfde5000 ---p 0000b000 08:02 18354733                   /lib/x86_64-linux-gnu/libnss_nis-2.23.so
7ff8cfde5000-7ff8cfde6000 r--p 0000a000 08:02 18354733                   /lib/x86_64-linux-gnu/libnss_nis-2.23.so
7ff8cfde6000-7ff8cfde7000 rw-p 0000b000 08:02 18354733                   /lib/x86_64-linux-gnu/libnss_nis-2.23.so
7ff8cfde7000-7ff8cfdfd000 r-xp 00000000 08:02 18354717                   /lib/x86_64-linux-gnu/libnsl-2.23.so
7ff8cfdfd000-7ff8cfffc000 ---p 00016000 08:02 18354717                   /lib/x86_64-linux-gnu/libnsl-2.23.so
7ff8cfffc000-7ff8cfffd000 r--p 00015000 08:02 18354717                   /lib/x86_64-linux-gnu/libnsl-2.23.so
7ff8cfffd000-7ff8cfffe000 rw-p 00016000 08:02 18354717                   /lib/x86_64-linux-gnu/libnsl-2.23.so
7ff8cfffe000-7ff8d0000000 rw-p 00000000 00:00 0 
7ff8d0000000-7ff8d0030000 rw-p 00000000 00:00 0 
7ff8d0030000-7ff8d4000000 ---p 00000000 00:00 0 
7ff8d4115000-7ff8d4202000 rw-p 00000000 00:00 0 
7ff8d4202000-7ff8d420a000 r-xp 00000000 08:02 18354719                   /lib/x86_64-linux-gnu/libnss_compat-2.23.so
7ff8d420a000-7ff8d4409000 ---p 00008000 08:02 18354719                   /lib/x86_64-linux-gnu/libnss_compat-2.23.so
7ff8d4409000-7ff8d440a000 r--p 00007000 08:02 18354719                   /lib/x86_64-linux-gnu/libnss_compat-2.23.so
7ff8d440a000-7ff8d440b000 rw-p 00008000 08:02 18354719                   /lib/x86_64-linux-gnu/libnss_compat-2.23.so
7ff8d440b000-7ff8d4438000 r-xp 00000000 08:02 17826217                   /home/rahil/rahil/android-studio/jre/jre/lib/amd64/libjava.so
7ff8d4438000-7ff8d4637000 ---p 0002d000 08:02 17826217                   /home/rahil/rahil/android-studio/jre/jre/lib/amd64/libjava.so
7ff8d4637000-7ff8d4638000 r--p 0002c000 08:02 17826217                   /home/rahil/rahil/android-studio/jre/jre/lib/amd64/libjava.so
7ff8d4638000-7ff8d463a000 rw-p 0002d000 08:02 17826217                   /home/rahil/rahil/android-studio/jre/jre/lib/amd64/libjava.so
7ff8d463a000-7ff8d464a000 r-xp 00000000 08:02 17826201                   /home/rahil/rahil/android-studio/jre/jre/lib/amd64/libverify.so
7ff8d464a000-7ff8d4849000 ---p 00010000 08:02 17826201                   /home/rahil/rahil/android-studio/jre/jre/lib/amd64/libverify.so
7ff8d4849000-7ff8d484b000 r--p 0000f000 08:02 17826201                   /home/rahil/rahil/android-studio/jre/jre/lib/amd64/libverify.so
7ff8d484b000-7ff8d484c000 rw-p 00011000 08:02 17826201                   /home/rahil/rahil/android-studio/jre/jre/lib/amd64/libverify.so
7ff8d484c000-7ff8d4853000 r-xp 00000000 08:02 18354778                   /lib/x86_64-linux-gnu/librt-2.23.so
7ff8d4853000-7ff8d4a52000 ---p 00007000 08:02 18354778                   /lib/x86_64-linux-gnu/librt-2.23.so
7ff8d4a52000-7ff8d4a53000 r--p 00006000 08:02 18354778                   /lib/x86_64-linux-gnu/librt-2.23.so
7ff8d4a53000-7ff8d4a54000 rw-p 00007000 08:02 18354778                   /lib/x86_64-linux-gnu/librt-2.23.so
7ff8d4a54000-7ff8d4b5c000 r-xp 00000000 08:02 18354694                   /lib/x86_64-linux-gnu/libm-2.23.so
7ff8d4b5c000-7ff8d4d5b000 ---p 00108000 08:02 18354694                   /lib/x86_64-linux-gnu/libm-2.23.so
7ff8d4d5b000-7ff8d4d5c000 r--p 00107000 08:02 18354694                   /lib/x86_64-linux-gnu/libm-2.23.so
7ff8d4d5c000-7ff8d4d5d000 rw-p 00108000 08:02 18354694                   /lib/x86_64-linux-gnu/libm-2.23.so
7ff8d4d5d000-7ff8d594e000 r-xp 00000000 08:02 17826564                   /home/rahil/rahil/android-studio/jre/jre/lib/amd64/server/libjvm.so
7ff8d594e000-7ff8d5b4e000 ---p 00bf1000 08:02 17826564                   /home/rahil/rahil/android-studio/jre/jre/lib/amd64/server/libjvm.so
7ff8d5b4e000-7ff8d5bed000 r--p 00bf1000 08:02 17826564                   /home/rahil/rahil/android-studio/jre/jre/lib/amd64/server/libjvm.so
7ff8d5bed000-7ff8d5c16000 rw-p 00c90000 08:02 17826564                   /home/rahil/rahil/android-studio/jre/jre/lib/amd64/server/libjvm.so
7ff8d5c16000-7ff8d5c5a000 rw-p 00000000 00:00 0 
7ff8d5c5a000-7ff8d5c72000 r-xp 00000000 08:02 18354770                   /lib/x86_64-linux-gnu/libpthread-2.23.so
7ff8d5c72000-7ff8d5e71000 ---p 00018000 08:02 18354770                   /lib/x86_64-linux-gnu/libpthread-2.23.so
7ff8d5e71000-7ff8d5e72000 r--p 00017000 08:02 18354770                   /lib/x86_64-linux-gnu/libpthread-2.23.so
7ff8d5e72000-7ff8d5e73000 rw-p 00018000 08:02 18354770                   /lib/x86_64-linux-gnu/libpthread-2.23.so
7ff8d5e73000-7ff8d5e77000 rw-p 00000000 00:00 0 
7ff8d5e77000-7ff8d5e7a000 r-xp 00000000 08:02 18354648                   /lib/x86_64-linux-gnu/libdl-2.23.so
7ff8d5e7a000-7ff8d6079000 ---p 00003000 08:02 18354648                   /lib/x86_64-linux-gnu/libdl-2.23.so
7ff8d6079000-7ff8d607a000 r--p 00002000 08:02 18354648                   /lib/x86_64-linux-gnu/libdl-2.23.so
7ff8d607a000-7ff8d607b000 rw-p 00003000 08:02 18354648                   /lib/x86_64-linux-gnu/libdl-2.23.so
7ff8d607b000-7ff8d623b000 r-xp 00000000 08:02 18354624                   /lib/x86_64-linux-gnu/libc-2.23.so
7ff8d623b000-7ff8d643b000 ---p 001c0000 08:02 18354624                   /lib/x86_64-linux-gnu/libc-2.23.so
7ff8d643b000-7ff8d643f000 r--p 001c0000 08:02 18354624                   /lib/x86_64-linux-gnu/libc-2.23.so
7ff8d643f000-7ff8d6441000 rw-p 001c4000 08:02 18354624                   /lib/x86_64-linux-gnu/libc-2.23.so
7ff8d6441000-7ff8d6445000 rw-p 00000000 00:00 0 
7ff8d6445000-7ff8d645b000 r-xp 00000000 08:02 17826266                   /home/rahil/rahil/android-studio/jre/lib/amd64/jli/libjli.so
7ff8d645b000-7ff8d665a000 ---p 00016000 08:02 17826266                   /home/rahil/rahil/android-studio/jre/lib/amd64/jli/libjli.so
7ff8d665a000-7ff8d665b000 r--p 00015000 08:02 17826266                   /home/rahil/rahil/android-studio/jre/lib/amd64/jli/libjli.so
7ff8d665b000-7ff8d665c000 rw-p 00016000 08:02 17826266                   /home/rahil/rahil/android-studio/jre/lib/amd64/jli/libjli.so
7ff8d665c000-7ff8d6682000 r-xp 00000000 08:02 18354596                   /lib/x86_64-linux-gnu/ld-2.23.so
7ff8d6763000-7ff8d6766000 ---p 00000000 00:00 0 
7ff8d6766000-7ff8d6868000 rw-p 00000000 00:00 0 
7ff8d6875000-7ff8d687d000 rw-s 00000000 08:02 11404475                   /tmp/hsperfdata_rahil/4363
7ff8d687d000-7ff8d687e000 rw-p 00000000 00:00 0 
7ff8d687e000-7ff8d687f000 r--p 00000000 00:00 0 
7ff8d687f000-7ff8d6881000 rw-p 00000000 00:00 0 
7ff8d6881000-7ff8d6882000 r--p 00025000 08:02 18354596                   /lib/x86_64-linux-gnu/ld-2.23.so
7ff8d6882000-7ff8d6883000 rw-p 00026000 08:02 18354596                   /lib/x86_64-linux-gnu/ld-2.23.so
7ff8d6883000-7ff8d6884000 rw-p 00000000 00:00 0 
7ffc07111000-7ffc07132000 rw-p 00000000 00:00 0                          [stack]
7ffc071de000-7ffc071e0000 r--p 00000000 00:00 0                          [vvar]
7ffc071e0000-7ffc071e2000 r-xp 00000000 00:00 0                          [vdso]
ffffffffff600000-ffffffffff601000 r-xp 00000000 00:00 0                  [vsyscall]

VM Arguments:
java_command: <unknown>
java_class_path (initial): .
Launcher Type: SUN_STANDARD

Environment Variables:
JAVA_HOME=/usr/lib/jvm/java-8-oracle
PATH=/home/rahil/bin:/home/rahil/.local/bin:/usr/local/sbin:/usr/local/bin:/usr/sbin:/usr/bin:/sbin:/bin:/usr/games:/usr/local/games:/snap/bin:/usr/lib/jvm/java-8-oracle/bin:/usr/lib/jvm/java-8-oracle/db/bin:/usr/lib/jvm/java-8-oracle/jre/bin
LD_LIBRARY_PATH=.:
SHELL=/bin/bash
DISPLAY=:0

Signal Handlers:
SIGSEGV: [libjvm.so+0x9e5150], sa_mask[0]=11111111011111111101111111111110, sa_flags=SA_RESTART|SA_SIGINFO
SIGBUS: [libjvm.so+0x9e5150], sa_mask[0]=11111111011111111101111111111110, sa_flags=SA_RESTART|SA_SIGINFO
SIGFPE: [libjvm.so+0x848450], sa_mask[0]=11111111011111111101111111111110, sa_flags=SA_RESTART|SA_SIGINFO
SIGPIPE: [libjvm.so+0x848450], sa_mask[0]=11111111011111111101111111111110, sa_flags=SA_RESTART|SA_SIGINFO
SIGXFSZ: [libjvm.so+0x848450], sa_mask[0]=11111111011111111101111111111110, sa_flags=SA_RESTART|SA_SIGINFO
SIGILL: [libjvm.so+0x848450], sa_mask[0]=11111111011111111101111111111110, sa_flags=SA_RESTART|SA_SIGINFO
SIGUSR1: SIG_DFL, sa_mask[0]=00000000000000000000000000000000, sa_flags=none
SIGUSR2: [libjvm.so+0x848320], sa_mask[0]=00100000000000000000000000000000, sa_flags=SA_RESTART|SA_SIGINFO
SIGHUP: SIG_DFL, sa_mask[0]=00000000000000000000000000000000, sa_flags=none
SIGINT: SIG_DFL, sa_mask[0]=00000000000000000000000000000000, sa_flags=none
SIGTERM: SIG_DFL, sa_mask[0]=00000000000000000000000000000000, sa_flags=none
SIGQUIT: SIG_DFL, sa_mask[0]=00000000000000000000000000000000, sa_flags=none


---------------  S Y S T E M  ---------------

OS:DISTRIB_ID=Ubuntu
DISTRIB_RELEASE=16.04
DISTRIB_CODENAME=xenial
DISTRIB_DESCRIPTION="Ubuntu 16.04.3 LTS"

uname:Linux 4.10.0-35-generic #39~16.04.1-Ubuntu SMP Wed Sep 13 09:02:42 UTC 2017 x86_64
libc:glibc 2.23 NPTL 2.23 
rlimit: STACK 8192k, CORE 0k, NPROC 30570, NOFILE 1048576, AS infinity
load average:1.01 0.77 0.91

/proc/meminfo:
MemTotal:        8071012 kB
MemFree:         2493012 kB
MemAvailable:    4863928 kB
Buffers:          449104 kB
Cached:          2229208 kB
SwapCached:            0 kB
Active:          3556384 kB
Inactive:        1534508 kB
Active(anon):    2414024 kB
Inactive(anon):   347308 kB
Active(file):    1142360 kB
Inactive(file):  1187200 kB
Unevictable:          48 kB
Mlocked:              48 kB
SwapTotal:       8286204 kB
SwapFree:        8286204 kB
Dirty:              9888 kB
Writeback:             0 kB
AnonPages:       2341964 kB
Mapped:           518364 kB
Shmem:            348600 kB
Slab:             386096 kB
SReclaimable:     345216 kB
SUnreclaim:        40880 kB
KernelStack:       10864 kB
PageTables:        41684 kB
NFS_Unstable:          0 kB
Bounce:                0 kB
WritebackTmp:          0 kB
CommitLimit:    12321708 kB
Committed_AS:    7383036 kB
VmallocTotal:   34359738367 kB
VmallocUsed:           0 kB
VmallocChunk:          0 kB
HardwareCorrupted:     0 kB
AnonHugePages:    817152 kB
ShmemHugePages:        0 kB
ShmemPmdMapped:        0 kB
CmaTotal:              0 kB
CmaFree:               0 kB
HugePages_Total:       0
HugePages_Free:        0
HugePages_Rsvd:        0
HugePages_Surp:        0
Hugepagesize:       2048 kB
DirectMap4k:      119208 kB
DirectMap2M:     7118848 kB
DirectMap1G:     2097152 kB


CPU:total 4 

/proc/cpuinfo:
processor	: 0
vendor_id	: GenuineIntel
cpu family	: 6
model		: 60
model name	: Intel(R) Core(TM) i3-4150 CPU @ 3.50GHz
stepping	: 3
microcode	: 0x19
cpu MHz		: 3500.000
cache size	: 3072 KB
physical id	: 0
siblings	: 4
core id		: 0
cpu cores	: 2
apicid		: 0
initial apicid	: 0
fpu		: yes
fpu_exception	: yes
cpuid level	: 13
wp		: yes
flags		: fpu vme de pse tsc msr pae mce cx8 apic sep mtrr pge mca cmov pat pse36 clflush dts acpi mmx fxsr sse sse2 ss ht tm pbe syscall nx pdpe1gb rdtscp lm constant_tsc arch_perfmon pebs bts rep_good nopl xtopology nonstop_tsc aperfmperf pni pclmulqdq dtes64 monitor ds_cpl vmx est tm2 ssse3 sdbg fma cx16 xtpr pdcm pcid sse4_1 sse4_2 movbe popcnt tsc_deadline_timer aes xsave avx f16c rdrand lahf_lm abm tpr_shadow vnmi flexpriority ept vpid fsgsbase tsc_adjust bmi1 avx2 smep bmi2 erms invpcid xsaveopt dtherm arat pln pts
bugs		:
bogomips	: 6984.42
clflush size	: 64
cache_alignment	: 64
address sizes	: 39 bits physical, 48 bits virtual
power management:

processor	: 1
vendor_id	: GenuineIntel
cpu family	: 6
model		: 60
model name	: Intel(R) Core(TM) i3-4150 CPU @ 3.50GHz
stepping	: 3
microcode	: 0x19
cpu MHz		: 3500.000
cache size	: 3072 KB
physical id	: 0
siblings	: 4
core id		: 1
cpu cores	: 2
apicid		: 2
initial apicid	: 2
fpu		: yes
fpu_exception	: yes
cpuid level	: 13
wp		: yes
flags		: fpu vme de pse tsc msr pae mce cx8 apic sep mtrr pge mca cmov pat pse36 clflush dts acpi mmx fxsr sse sse2 ss ht tm pbe syscall nx pdpe1gb rdtscp lm constant_tsc arch_perfmon pebs bts rep_good nopl xtopology nonstop_tsc aperfmperf pni pclmulqdq dtes64 monitor ds_cpl vmx est tm2 ssse3 sdbg fma cx16 xtpr pdcm pcid sse4_1 sse4_2 movbe popcnt tsc_deadline_timer aes xsave avx f16c rdrand lahf_lm abm tpr_shadow vnmi flexpriority ept vpid fsgsbase tsc_adjust bmi1 avx2 smep bmi2 erms invpcid xsaveopt dtherm arat pln pts
bugs		:
bogomips	: 6984.42
clflush size	: 64
cache_alignment	: 64
address sizes	: 39 bits physical, 48 bits virtual
power management:

processor	: 2
vendor_id	: GenuineIntel
cpu family	: 6
model		: 60
model name	: Intel(R) Core(TM) i3-4150 CPU @ 3.50GHz
stepping	: 3
microcode	: 0x19
cpu MHz		: 3500.000
cache size	: 3072 KB
physical id	: 0
siblings	: 4
core id		: 0
cpu cores	: 2
apicid		: 1
initial apicid	: 1
fpu		: yes
fpu_exception	: yes
cpuid level	: 13
wp		: yes
flags		: fpu vme de pse tsc msr pae mce cx8 apic sep mtrr pge mca cmov pat pse36 clflush dts acpi mmx fxsr sse sse2 ss ht tm pbe syscall nx pdpe1gb rdtscp lm constant_tsc arch_perfmon pebs bts rep_good nopl xtopology nonstop_tsc aperfmperf pni pclmulqdq dtes64 monitor ds_cpl vmx est tm2 ssse3 sdbg fma cx16 xtpr pdcm pcid sse4_1 sse4_2 movbe popcnt tsc_deadline_timer aes xsave avx f16c rdrand lahf_lm abm tpr_shadow vnmi flexpriority ept vpid fsgsbase tsc_adjust bmi1 avx2 smep bmi2 erms invpcid xsaveopt dtherm arat pln pts
bugs		:
bogomips	: 6984.42
clflush size	: 64
cache_alignment	: 64
address sizes	: 39 bits physical, 48 bits virtual
power management:

processor	: 3
vendor_id	: GenuineIntel
cpu family	: 6
model		: 60
model name	: Intel(R) Core(TM) i3-4150 CPU @ 3.50GHz
stepping	: 3
microcode	: 0x19
cpu MHz		: 3499.786
cache size	: 3072 KB
physical id	: 0
siblings	: 4
core id		: 1
cpu cores	: 2
apicid		: 3
initial apicid	: 3
fpu		: yes
fpu_exception	: yes
cpuid level	: 13
wp		: yes
flags		: fpu vme de pse tsc msr pae mce cx8 apic sep mtrr pge mca cmov pat pse36 clflush dts acpi mmx fxsr sse sse2 ss ht tm pbe syscall nx pdpe1gb rdtscp lm constant_tsc arch_perfmon pebs bts rep_good nopl xtopology nonstop_tsc aperfmperf pni pclmulqdq dtes64 monitor ds_cpl vmx est tm2 ssse3 sdbg fma cx16 xtpr pdcm pcid sse4_1 sse4_2 movbe popcnt tsc_deadline_timer aes xsave avx f16c rdrand lahf_lm abm tpr_shadow vnmi flexpriority ept vpid fsgsbase tsc_adjust bmi1 avx2 smep bmi2 erms invpcid xsaveopt dtherm arat pln pts
bugs		:
bogomips	: 6984.42
clflush size	: 64
cache_alignment	: 64
address sizes	: 39 bits physical, 48 bits virtual
power management:



Memory: 4k page, physical 8071012k(2493012k free), swap 8286204k(8286204k free)

vm_info: OpenJDK 64-Bit Server VM (25.112-b06) for linux-amd64 JRE (1.8.0_112-release-b06), built on Dec  6 2016 12:11:18 by "builder" with gcc 4.8.4

time: Mon Oct 16 10:26:11 2017
elapsed time: 0 seconds (0d 0h 0m 0s)

