#
# A fatal error has been detected by the Java Runtime Environment:
#
#  SIGSEGV (0xb) at pc=0x00007f1841c6d410, pid=4401, tid=0x00007f1842d92700
#
# JRE version:  (8.0_112-b06) (build )
# Java VM: OpenJDK 64-Bit Server VM (25.112-b06 mixed mode linux-amd64 compressed oops)
# Problematic frame:
# V  [libjvm.so+0x9e1410]  VirtualSpace::expand_by(unsigned long, bool)+0xb0
#
# Failed to write core dump. Core dumps have been disabled. To enable core dumping, try "ulimit -c unlimited" before starting Java again
#
# If you would like to submit a bug report, please visit:
#   http://bugreport.java.com/bugreport/crash.jsp
#

---------------  T H R E A D  ---------------

Current thread (0x00007f183c009800):  JavaThread "Unknown thread" [_thread_in_vm, id=4404, stack(0x00007f1842c92000,0x00007f1842d93000)]

siginfo: si_signo: 11 (SIGSEGV), si_code: 2 (SEGV_ACCERR), si_addr: 0x00007f182cde4000

Registers:
RAX=0x00007f182d054000, RBX=0x000000000228df10, RCX=0x00007f182cde4000, RDX=0x00007f182d054000
RSP=0x00007f1842d91ae0, RBP=0x00007f1842d91b30, RSI=0xfffffffffffff000, RDI=0x00007f182cde4000
R8 =0x0000000000000000, R9 =0x00007f182d054000, R10=0x0000000000004022, R11=0x0000000000000246
R12=0x0000000000270000, R13=0x00007f182cde4000, R14=0x00007f182d054000, R15=0x0000000000000000
RIP=0x00007f1841c6d410, EFLAGS=0x0000000000010246, CSGSFS=0x002b000000000033, ERR=0x0000000000000004
  TRAPNO=0x000000000000000e

Top of Stack: (sp=0x00007f1842d91ae0)
0x00007f1842d91ae0:   00007f1842d91b30 00007f1841c6ccd5
0x00007f1842d91af0:   00007f1842d91b00 00007f1841ad2bdd
0x00007f1842d91b00:   00007f1842d91b30 000000000228df10
0x00007f1842d91b10:   0000000000270000 0000000000270000
0x00007f1842d91b20:   0000000000001000 0000000000001000
0x00007f1842d91b30:   00007f1842d91c10 00007f1841848118
0x00007f1842d91b40:   00007f182cde4000 000000000f000000
0x00007f1842d91b50:   0000000000000000 0000000000001000
0x00007f1842d91b60:   0000000000000100 0000000000000000
0x00007f1842d91b70:   0000000000001000 000000000f000000
0x00007f1842d91b80:   00007f182cde4000 000000000f000000
0x00007f1842d91b90:   0000000000000000 0000000000001000
0x00007f1842d91ba0:   00007f1842d90100 0000000000003000
0x00007f1842d91bb0:   00007f1842d91c30 00007f18416bbd0b
0x00007f1842d91bc0:   00007f183c009800 00007f1842d91c10
0x00007f1842d91bd0:   00007f183c009800 00007f1842d91c40
0x00007f1842d91be0:   00007f1842d91e50 00007f18421201c0
0x00007f1842d91bf0:   00007f1842d91c40 00007f1842d91e50
0x00007f1842d91c00:   0000000000003000 00007f183c009800
0x00007f1842d91c10:   00007f1842d91c30 00007f18416d1850
0x00007f1842d91c20:   00007f1842d91c40 00007f1842d91d40
0x00007f1842d91c30:   00007f1842d91c90 00007f1841869f0c
0x00007f1842d91c40:   00007f183c009800 00007f183c008620
0x00007f1842d91c50:   00007f183c00a190 00007f183c00a1a0
0x00007f1842d91c60:   00007f183c00a278 00000000000000d8
0x00007f1842d91c70:   00007f183c00a380 00007f1842d91e50
0x00007f1842d91c80:   00007f1842d91d40 00007f1842d91d10
0x00007f1842d91c90:   00007f1842d91e20 00007f1841c1fbd3
0x00007f1842d91ca0:   0000000000000000 0000000000000000
0x00007f1842d91cb0:   00007f1842d96e60 00007f1842d91cf0
0x00007f1842d91cc0:   0000000100000000 00007f1842d91ce0
0x00007f1842d91cd0:   00000000a8428197 00007f184218c090 

Instructions: (pc=0x00007f1841c6d410)
0x00007f1841c6d3f0:   48 8b 7f 28 49 39 c6 49 0f 46 c6 45 31 c0 48 01
0x00007f1841c6d400:   f0 48 f7 d6 48 21 f0 48 a9 ce 48 29 fe 48 39 cf
0x00007f1841c6d410:   69 0f 43 f0 48 89 f1 48 ab 73 30 49 29 f1 48 39
0x00007f1841c6d420:   56 48 8b 53 38 48 89 c6 4d 0f 43 c8 48 29 d6 48 

Stack: [0x00007f1842c92000,0x00007f1842d93000],  sp=0x00007f1842d91ae0,  free space=1022k
Native frames: (J=compiled Java code, j=interpreted, Vv=VM code, C=native code)
V  [libjvm.so+0x9e1410]  VirtualSpace::expand_by(unsigned long, bool)+0xb0
V  [libjvm.so+0x5bc118]  CodeHeap::reserve(unsigned long, unsigned long, unsigned long)+0x118
V  [libjvm.so+0x445850]  codeCache_init()+0x80
V  [libjvm.so+0x5ddf0c]  init_globals()+0x3c
V  [libjvm.so+0x993bd3]  Threads::create_vm(JavaVMInitArgs*, bool*)+0x2b3
V  [libjvm.so+0x64b5e2]  JNI_CreateJavaVM+0x52
C  [libjli.so+0x77c8]  JavaMain+0x88
C  [libpthread.so.0+0x76ba]  start_thread+0xca


---------------  P R O C E S S  ---------------

Java Threads: ( => current thread )

Other Threads:

=>0x00007f183c009800 (exited) JavaThread "Unknown thread" [_thread_in_vm, id=4404, stack(0x00007f1842c92000,0x00007f1842d93000)]

VM state:not at safepoint (not fully initialized)

VM Mutex/Monitor currently owned by a thread: None

Deoptimization events (0 events):
No events

Internal exceptions (0 events):
No events

Events (0 events):
No events


Dynamic libraries:
00400000-00401000 r-xp 00000000 08:02 17697682                           /home/rahil/rahil/android-studio/jre/bin/java
00600000-00601000 r--p 00000000 08:02 17697682                           /home/rahil/rahil/android-studio/jre/bin/java
00601000-00602000 rw-p 00001000 08:02 17697682                           /home/rahil/rahil/android-studio/jre/bin/java
0228d000-022ae000 rw-p 00000000 00:00 0                                  [heap]
7f182cc5b000-7f182cde4000 rw-p 00000000 00:00 0 
7f182cde4000-7f183bde4000 ---p 00000000 00:00 0 
7f183bde4000-7f183bdfe000 r-xp 00000000 08:02 17826227                   /home/rahil/rahil/android-studio/jre/jre/lib/amd64/libzip.so
7f183bdfe000-7f183bffe000 ---p 0001a000 08:02 17826227                   /home/rahil/rahil/android-studio/jre/jre/lib/amd64/libzip.so
7f183bffe000-7f183bfff000 r--p 0001a000 08:02 17826227                   /home/rahil/rahil/android-studio/jre/jre/lib/amd64/libzip.so
7f183bfff000-7f183c000000 rw-p 0001b000 08:02 17826227                   /home/rahil/rahil/android-studio/jre/jre/lib/amd64/libzip.so
7f183c000000-7f183c030000 rw-p 00000000 00:00 0 
7f183c030000-7f1840000000 ---p 00000000 00:00 0 
7f184000d000-7f18400fa000 rw-p 00000000 00:00 0 
7f18400fa000-7f1840105000 r-xp 00000000 08:02 18354723                   /lib/x86_64-linux-gnu/libnss_files-2.23.so
7f1840105000-7f1840304000 ---p 0000b000 08:02 18354723                   /lib/x86_64-linux-gnu/libnss_files-2.23.so
7f1840304000-7f1840305000 r--p 0000a000 08:02 18354723                   /lib/x86_64-linux-gnu/libnss_files-2.23.so
7f1840305000-7f1840306000 rw-p 0000b000 08:02 18354723                   /lib/x86_64-linux-gnu/libnss_files-2.23.so
7f1840306000-7f184030c000 rw-p 00000000 00:00 0 
7f184030c000-7f1840317000 r-xp 00000000 08:02 18354733                   /lib/x86_64-linux-gnu/libnss_nis-2.23.so
7f1840317000-7f1840516000 ---p 0000b000 08:02 18354733                   /lib/x86_64-linux-gnu/libnss_nis-2.23.so
7f1840516000-7f1840517000 r--p 0000a000 08:02 18354733                   /lib/x86_64-linux-gnu/libnss_nis-2.23.so
7f1840517000-7f1840518000 rw-p 0000b000 08:02 18354733                   /lib/x86_64-linux-gnu/libnss_nis-2.23.so
7f1840518000-7f184052e000 r-xp 00000000 08:02 18354717                   /lib/x86_64-linux-gnu/libnsl-2.23.so
7f184052e000-7f184072d000 ---p 00016000 08:02 18354717                   /lib/x86_64-linux-gnu/libnsl-2.23.so
7f184072d000-7f184072e000 r--p 00015000 08:02 18354717                   /lib/x86_64-linux-gnu/libnsl-2.23.so
7f184072e000-7f184072f000 rw-p 00016000 08:02 18354717                   /lib/x86_64-linux-gnu/libnsl-2.23.so
7f184072f000-7f1840731000 rw-p 00000000 00:00 0 
7f1840731000-7f1840739000 r-xp 00000000 08:02 18354719                   /lib/x86_64-linux-gnu/libnss_compat-2.23.so
7f1840739000-7f1840938000 ---p 00008000 08:02 18354719                   /lib/x86_64-linux-gnu/libnss_compat-2.23.so
7f1840938000-7f1840939000 r--p 00007000 08:02 18354719                   /lib/x86_64-linux-gnu/libnss_compat-2.23.so
7f1840939000-7f184093a000 rw-p 00008000 08:02 18354719                   /lib/x86_64-linux-gnu/libnss_compat-2.23.so
7f184093a000-7f1840967000 r-xp 00000000 08:02 17826217                   /home/rahil/rahil/android-studio/jre/jre/lib/amd64/libjava.so
7f1840967000-7f1840b66000 ---p 0002d000 08:02 17826217                   /home/rahil/rahil/android-studio/jre/jre/lib/amd64/libjava.so
7f1840b66000-7f1840b67000 r--p 0002c000 08:02 17826217                   /home/rahil/rahil/android-studio/jre/jre/lib/amd64/libjava.so
7f1840b67000-7f1840b69000 rw-p 0002d000 08:02 17826217                   /home/rahil/rahil/android-studio/jre/jre/lib/amd64/libjava.so
7f1840b69000-7f1840b79000 r-xp 00000000 08:02 17826201                   /home/rahil/rahil/android-studio/jre/jre/lib/amd64/libverify.so
7f1840b79000-7f1840d78000 ---p 00010000 08:02 17826201                   /home/rahil/rahil/android-studio/jre/jre/lib/amd64/libverify.so
7f1840d78000-7f1840d7a000 r--p 0000f000 08:02 17826201                   /home/rahil/rahil/android-studio/jre/jre/lib/amd64/libverify.so
7f1840d7a000-7f1840d7b000 rw-p 00011000 08:02 17826201                   /home/rahil/rahil/android-studio/jre/jre/lib/amd64/libverify.so
7f1840d7b000-7f1840d82000 r-xp 00000000 08:02 18354778                   /lib/x86_64-linux-gnu/librt-2.23.so
7f1840d82000-7f1840f81000 ---p 00007000 08:02 18354778                   /lib/x86_64-linux-gnu/librt-2.23.so
7f1840f81000-7f1840f82000 r--p 00006000 08:02 18354778                   /lib/x86_64-linux-gnu/librt-2.23.so
7f1840f82000-7f1840f83000 rw-p 00007000 08:02 18354778                   /lib/x86_64-linux-gnu/librt-2.23.so
7f1840f83000-7f184108b000 r-xp 00000000 08:02 18354694                   /lib/x86_64-linux-gnu/libm-2.23.so
7f184108b000-7f184128a000 ---p 00108000 08:02 18354694                   /lib/x86_64-linux-gnu/libm-2.23.so
7f184128a000-7f184128b000 r--p 00107000 08:02 18354694                   /lib/x86_64-linux-gnu/libm-2.23.so
7f184128b000-7f184128c000 rw-p 00108000 08:02 18354694                   /lib/x86_64-linux-gnu/libm-2.23.so
7f184128c000-7f1841e7d000 r-xp 00000000 08:02 17826564                   /home/rahil/rahil/android-studio/jre/jre/lib/amd64/server/libjvm.so
7f1841e7d000-7f184207d000 ---p 00bf1000 08:02 17826564                   /home/rahil/rahil/android-studio/jre/jre/lib/amd64/server/libjvm.so
7f184207d000-7f184211c000 r--p 00bf1000 08:02 17826564                   /home/rahil/rahil/android-studio/jre/jre/lib/amd64/server/libjvm.so
7f184211c000-7f1842145000 rw-p 00c90000 08:02 17826564                   /home/rahil/rahil/android-studio/jre/jre/lib/amd64/server/libjvm.so
7f1842145000-7f1842189000 rw-p 00000000 00:00 0 
7f1842189000-7f18421a1000 r-xp 00000000 08:02 18354770                   /lib/x86_64-linux-gnu/libpthread-2.23.so
7f18421a1000-7f18423a0000 ---p 00018000 08:02 18354770                   /lib/x86_64-linux-gnu/libpthread-2.23.so
7f18423a0000-7f18423a1000 r--p 00017000 08:02 18354770                   /lib/x86_64-linux-gnu/libpthread-2.23.so
7f18423a1000-7f18423a2000 rw-p 00018000 08:02 18354770                   /lib/x86_64-linux-gnu/libpthread-2.23.so
7f18423a2000-7f18423a6000 rw-p 00000000 00:00 0 
7f18423a6000-7f18423a9000 r-xp 00000000 08:02 18354648                   /lib/x86_64-linux-gnu/libdl-2.23.so
7f18423a9000-7f18425a8000 ---p 00003000 08:02 18354648                   /lib/x86_64-linux-gnu/libdl-2.23.so
7f18425a8000-7f18425a9000 r--p 00002000 08:02 18354648                   /lib/x86_64-linux-gnu/libdl-2.23.so
7f18425a9000-7f18425aa000 rw-p 00003000 08:02 18354648                   /lib/x86_64-linux-gnu/libdl-2.23.so
7f18425aa000-7f184276a000 r-xp 00000000 08:02 18354624                   /lib/x86_64-linux-gnu/libc-2.23.so
7f184276a000-7f184296a000 ---p 001c0000 08:02 18354624                   /lib/x86_64-linux-gnu/libc-2.23.so
7f184296a000-7f184296e000 r--p 001c0000 08:02 18354624                   /lib/x86_64-linux-gnu/libc-2.23.so
7f184296e000-7f1842970000 rw-p 001c4000 08:02 18354624                   /lib/x86_64-linux-gnu/libc-2.23.so
7f1842970000-7f1842974000 rw-p 00000000 00:00 0 
7f1842974000-7f184298a000 r-xp 00000000 08:02 17826266                   /home/rahil/rahil/android-studio/jre/lib/amd64/jli/libjli.so
7f184298a000-7f1842b89000 ---p 00016000 08:02 17826266                   /home/rahil/rahil/android-studio/jre/lib/amd64/jli/libjli.so
7f1842b89000-7f1842b8a000 r--p 00015000 08:02 17826266                   /home/rahil/rahil/android-studio/jre/lib/amd64/jli/libjli.so
7f1842b8a000-7f1842b8b000 rw-p 00016000 08:02 17826266                   /home/rahil/rahil/android-studio/jre/lib/amd64/jli/libjli.so
7f1842b8b000-7f1842bb1000 r-xp 00000000 08:02 18354596                   /lib/x86_64-linux-gnu/ld-2.23.so
7f1842c92000-7f1842c95000 ---p 00000000 00:00 0 
7f1842c95000-7f1842d97000 rw-p 00000000 00:00 0 
7f1842da4000-7f1842dac000 rw-s 00000000 08:02 11404476                   /tmp/hsperfdata_rahil/4401
7f1842dac000-7f1842dad000 rw-p 00000000 00:00 0 
7f1842dad000-7f1842dae000 r--p 00000000 00:00 0 
7f1842dae000-7f1842db0000 rw-p 00000000 00:00 0 
7f1842db0000-7f1842db1000 r--p 00025000 08:02 18354596                   /lib/x86_64-linux-gnu/ld-2.23.so
7f1842db1000-7f1842db2000 rw-p 00026000 08:02 18354596                   /lib/x86_64-linux-gnu/ld-2.23.so
7f1842db2000-7f1842db3000 rw-p 00000000 00:00 0 
7fff383d5000-7fff383f6000 rw-p 00000000 00:00 0                          [stack]
7fff383fb000-7fff383fd000 r--p 00000000 00:00 0                          [vvar]
7fff383fd000-7fff383ff000 r-xp 00000000 00:00 0                          [vdso]
ffffffffff600000-ffffffffff601000 r-xp 00000000 00:00 0                  [vsyscall]

VM Arguments:
java_command: <unknown>
java_class_path (initial): .
Launcher Type: SUN_STANDARD

Environment Variables:
JAVA_HOME=/usr/lib/jvm/java-8-oracle
PATH=/home/rahil/bin:/home/rahil/.local/bin:/usr/local/sbin:/usr/local/bin:/usr/sbin:/usr/bin:/sbin:/bin:/usr/games:/usr/local/games:/snap/bin:/usr/lib/jvm/java-8-oracle/bin:/usr/lib/jvm/java-8-oracle/db/bin:/usr/lib/jvm/java-8-oracle/jre/bin
LD_LIBRARY_PATH=.:
SHELL=/bin/bash
DISPLAY=:0

Signal Handlers:
SIGSEGV: [libjvm.so+0x9e5150], sa_mask[0]=11111111011111111101111111111110, sa_flags=SA_RESTART|SA_SIGINFO
SIGBUS: [libjvm.so+0x9e5150], sa_mask[0]=11111111011111111101111111111110, sa_flags=SA_RESTART|SA_SIGINFO
SIGFPE: [libjvm.so+0x848450], sa_mask[0]=11111111011111111101111111111110, sa_flags=SA_RESTART|SA_SIGINFO
SIGPIPE: [libjvm.so+0x848450], sa_mask[0]=11111111011111111101111111111110, sa_flags=SA_RESTART|SA_SIGINFO
SIGXFSZ: [libjvm.so+0x848450], sa_mask[0]=11111111011111111101111111111110, sa_flags=SA_RESTART|SA_SIGINFO
SIGILL: [libjvm.so+0x848450], sa_mask[0]=11111111011111111101111111111110, sa_flags=SA_RESTART|SA_SIGINFO
SIGUSR1: SIG_DFL, sa_mask[0]=00000000000000000000000000000000, sa_flags=none
SIGUSR2: [libjvm.so+0x848320], sa_mask[0]=00100000000000000000000000000000, sa_flags=SA_RESTART|SA_SIGINFO
SIGHUP: SIG_DFL, sa_mask[0]=00000000000000000000000000000000, sa_flags=none
SIGINT: SIG_DFL, sa_mask[0]=00000000000000000000000000000000, sa_flags=none
SIGTERM: SIG_DFL, sa_mask[0]=00000000000000000000000000000000, sa_flags=none
SIGQUIT: SIG_DFL, sa_mask[0]=00000000000000000000000000000000, sa_flags=none


---------------  S Y S T E M  ---------------

OS:DISTRIB_ID=Ubuntu
DISTRIB_RELEASE=16.04
DISTRIB_CODENAME=xenial
DISTRIB_DESCRIPTION="Ubuntu 16.04.3 LTS"

uname:Linux 4.10.0-35-generic #39~16.04.1-Ubuntu SMP Wed Sep 13 09:02:42 UTC 2017 x86_64
libc:glibc 2.23 NPTL 2.23 
rlimit: STACK 8192k, CORE 0k, NPROC 30570, NOFILE 1048576, AS infinity
load average:1.43 0.89 0.95

/proc/meminfo:
MemTotal:        8071012 kB
MemFree:         2466700 kB
MemAvailable:    4839408 kB
Buffers:          449164 kB
Cached:          2195392 kB
SwapCached:            0 kB
Active:          3626608 kB
Inactive:        1490412 kB
Active(anon):    2473820 kB
Inactive(anon):   311980 kB
Active(file):    1152788 kB
Inactive(file):  1178432 kB
Unevictable:          48 kB
Mlocked:              48 kB
SwapTotal:       8286204 kB
SwapFree:        8286204 kB
Dirty:             33848 kB
Writeback:             0 kB
AnonPages:       2401736 kB
Mapped:           501180 kB
Shmem:            313340 kB
Slab:             386540 kB
SReclaimable:     345348 kB
SUnreclaim:        41192 kB
KernelStack:       10704 kB
PageTables:        41772 kB
NFS_Unstable:          0 kB
Bounce:                0 kB
WritebackTmp:          0 kB
CommitLimit:    12321708 kB
Committed_AS:    7353084 kB
VmallocTotal:   34359738367 kB
VmallocUsed:           0 kB
VmallocChunk:          0 kB
HardwareCorrupted:     0 kB
AnonHugePages:    864256 kB
ShmemHugePages:        0 kB
ShmemPmdMapped:        0 kB
CmaTotal:              0 kB
CmaFree:               0 kB
HugePages_Total:       0
HugePages_Free:        0
HugePages_Rsvd:        0
HugePages_Surp:        0
Hugepagesize:       2048 kB
DirectMap4k:      119208 kB
DirectMap2M:     7118848 kB
DirectMap1G:     2097152 kB


CPU:total 4 

/proc/cpuinfo:
processor	: 0
vendor_id	: GenuineIntel
cpu family	: 6
model		: 60
model name	: Intel(R) Core(TM) i3-4150 CPU @ 3.50GHz
stepping	: 3
microcode	: 0x19
cpu MHz		: 3499.786
cache size	: 3072 KB
physical id	: 0
siblings	: 4
core id		: 0
cpu cores	: 2
apicid		: 0
initial apicid	: 0
fpu		: yes
fpu_exception	: yes
cpuid level	: 13
wp		: yes
flags		: fpu vme de pse tsc msr pae mce cx8 apic sep mtrr pge mca cmov pat pse36 clflush dts acpi mmx fxsr sse sse2 ss ht tm pbe syscall nx pdpe1gb rdtscp lm constant_tsc arch_perfmon pebs bts rep_good nopl xtopology nonstop_tsc aperfmperf pni pclmulqdq dtes64 monitor ds_cpl vmx est tm2 ssse3 sdbg fma cx16 xtpr pdcm pcid sse4_1 sse4_2 movbe popcnt tsc_deadline_timer aes xsave avx f16c rdrand lahf_lm abm tpr_shadow vnmi flexpriority ept vpid fsgsbase tsc_adjust bmi1 avx2 smep bmi2 erms invpcid xsaveopt dtherm arat pln pts
bugs		:
bogomips	: 6984.42
clflush size	: 64
cache_alignment	: 64
address sizes	: 39 bits physical, 48 bits virtual
power management:

processor	: 1
vendor_id	: GenuineIntel
cpu family	: 6
model		: 60
model name	: Intel(R) Core(TM) i3-4150 CPU @ 3.50GHz
stepping	: 3
microcode	: 0x19
cpu MHz		: 3500.000
cache size	: 3072 KB
physical id	: 0
siblings	: 4
core id		: 1
cpu cores	: 2
apicid		: 2
initial apicid	: 2
fpu		: yes
fpu_exception	: yes
cpuid level	: 13
wp		: yes
flags		: fpu vme de pse tsc msr pae mce cx8 apic sep mtrr pge mca cmov pat pse36 clflush dts acpi mmx fxsr sse sse2 ss ht tm pbe syscall nx pdpe1gb rdtscp lm constant_tsc arch_perfmon pebs bts rep_good nopl xtopology nonstop_tsc aperfmperf pni pclmulqdq dtes64 monitor ds_cpl vmx est tm2 ssse3 sdbg fma cx16 xtpr pdcm pcid sse4_1 sse4_2 movbe popcnt tsc_deadline_timer aes xsave avx f16c rdrand lahf_lm abm tpr_shadow vnmi flexpriority ept vpid fsgsbase tsc_adjust bmi1 avx2 smep bmi2 erms invpcid xsaveopt dtherm arat pln pts
bugs		:
bogomips	: 6984.42
clflush size	: 64
cache_alignment	: 64
address sizes	: 39 bits physical, 48 bits virtual
power management:

processor	: 2
vendor_id	: GenuineIntel
cpu family	: 6
model		: 60
model name	: Intel(R) Core(TM) i3-4150 CPU @ 3.50GHz
stepping	: 3
microcode	: 0x19
cpu MHz		: 3500.000
cache size	: 3072 KB
physical id	: 0
siblings	: 4
core id		: 0
cpu cores	: 2
apicid		: 1
initial apicid	: 1
fpu		: yes
fpu_exception	: yes
cpuid level	: 13
wp		: yes
flags		: fpu vme de pse tsc msr pae mce cx8 apic sep mtrr pge mca cmov pat pse36 clflush dts acpi mmx fxsr sse sse2 ss ht tm pbe syscall nx pdpe1gb rdtscp lm constant_tsc arch_perfmon pebs bts rep_good nopl xtopology nonstop_tsc aperfmperf pni pclmulqdq dtes64 monitor ds_cpl vmx est tm2 ssse3 sdbg fma cx16 xtpr pdcm pcid sse4_1 sse4_2 movbe popcnt tsc_deadline_timer aes xsave avx f16c rdrand lahf_lm abm tpr_shadow vnmi flexpriority ept vpid fsgsbase tsc_adjust bmi1 avx2 smep bmi2 erms invpcid xsaveopt dtherm arat pln pts
bugs		:
bogomips	: 6984.42
clflush size	: 64
cache_alignment	: 64
address sizes	: 39 bits physical, 48 bits virtual
power management:

processor	: 3
vendor_id	: GenuineIntel
cpu family	: 6
model		: 60
model name	: Intel(R) Core(TM) i3-4150 CPU @ 3.50GHz
stepping	: 3
microcode	: 0x19
cpu MHz		: 3500.000
cache size	: 3072 KB
physical id	: 0
siblings	: 4
core id		: 1
cpu cores	: 2
apicid		: 3
initial apicid	: 3
fpu		: yes
fpu_exception	: yes
cpuid level	: 13
wp		: yes
flags		: fpu vme de pse tsc msr pae mce cx8 apic sep mtrr pge mca cmov pat pse36 clflush dts acpi mmx fxsr sse sse2 ss ht tm pbe syscall nx pdpe1gb rdtscp lm constant_tsc arch_perfmon pebs bts rep_good nopl xtopology nonstop_tsc aperfmperf pni pclmulqdq dtes64 monitor ds_cpl vmx est tm2 ssse3 sdbg fma cx16 xtpr pdcm pcid sse4_1 sse4_2 movbe popcnt tsc_deadline_timer aes xsave avx f16c rdrand lahf_lm abm tpr_shadow vnmi flexpriority ept vpid fsgsbase tsc_adjust bmi1 avx2 smep bmi2 erms invpcid xsaveopt dtherm arat pln pts
bugs		:
bogomips	: 6984.42
clflush size	: 64
cache_alignment	: 64
address sizes	: 39 bits physical, 48 bits virtual
power management:



Memory: 4k page, physical 8071012k(2466700k free), swap 8286204k(8286204k free)

vm_info: OpenJDK 64-Bit Server VM (25.112-b06) for linux-amd64 JRE (1.8.0_112-release-b06), built on Dec  6 2016 12:11:18 by "builder" with gcc 4.8.4

time: Mon Oct 16 10:26:44 2017
elapsed time: 0 seconds (0d 0h 0m 0s)

